{"meta": {"format": 3, "version": "7.15.0", "timestamp": "2026-07-12T18:52:46.042972", "branch_coverage": false, "show_contexts": false}, "files": {"custom_components/givenergy_inverter_manager/accumulation.py": {"executed_lines": [19, 21, 22, 23, 24, 26, 31, 32, 33, 34, 40, 42, 66, 68, 69, 70, 71, 72, 78, 79, 82, 83, 84, 85, 86, 89, 90, 91, 92, 93, 96, 97, 98, 99, 105, 123, 124, 126, 127, 128, 132, 133, 134, 136, 137, 138, 140, 141, 142, 144, 145, 148, 149, 152, 153, 154, 156, 157, 160, 161, 168, 170, 171, 172, 173, 174, 175, 176, 186, 188, 189, 195, 249, 251, 253, 254, 255, 256, 257, 261, 263, 264, 268, 276, 277, 278, 280, 288, 289, 306, 307, 308, 309, 310, 311, 312, 313, 314, 315, 316, 317, 318, 319, 320], "summary": {"covered_lines": 104, "num_statements": 142, "percent_covered": 73.2394366197183, "percent_covered_display": "73", "missing_lines": 38, "excluded_lines": 2, "percent_statements_covered": 73.2394366197183, "percent_statements_covered_display": "73"}, "missing_lines": [146, 150, 158, 163, 164, 182, 183, 184, 190, 191, 206, 209, 212, 213, 214, 215, 216, 217, 218, 219, 227, 228, 229, 232, 233, 234, 235, 238, 239, 240, 241, 244, 245, 246, 247, 258, 259, 282], "excluded_lines": [28, 29], "functions": {"_acc_to_dict": {"executed_lines": [42], "summary": {"covered_lines": 1, "num_statements": 1, "percent_covered": 100.0, "percent_covered_display": "100", "missing_lines": 0, "excluded_lines": 0, "percent_statements_covered": 100.0, "percent_statements_covered_display": "100"}, "missing_lines": [], "excluded_lines": [], "start_line": 40}, "_dict_to_acc": {"executed_lines": [68, 69, 70, 71, 72], "summary": {"covered_lines": 5, "num_statements": 5, "percent_covered": 100.0, "percent_covered_display": "100", "missing_lines": 0, "excluded_lines": 0, "percent_statements_covered": 100.0, "percent_statements_covered_display": "100"}, "missing_lines": [], "excluded_lines": [], "start_line": 66}, "AccumulationStore.__init__": {"executed_lines": [124, 126, 127, 128], "summary": {"covered_lines": 4, "num_statements": 4, "percent_covered": 100.0, "percent_covered_display": "100", "missing_lines": 0, "excluded_lines": 0, "percent_statements_covered": 100.0, "percent_statements_covered_display": "100"}, "missing_lines": [], "excluded_lines": [], "start_line": 123}, "AccumulationStore.today": {"executed_lines": [134], "summary": {"covered_lines": 1, "num_statements": 1, "percent_covered": 100.0, "percent_covered_display": "100", "missing_lines": 0, "excluded_lines": 0, "percent_statements_covered": 100.0, "percent_statements_covered_display": "100"}, "missing_lines": [], "excluded_lines": [], "start_line": 133}, "AccumulationStore.week": {"executed_lines": [138], "summary": {"covered_lines": 1, "num_statements": 1, "percent_covered": 100.0, "percent_covered_display": "100", "missing_lines": 0, "excluded_lines": 0, "percent_statements_covered": 100.0, "percent_statements_covered_display": "100"}, "missing_lines": [], "excluded_lines": [], "start_line": 137}, "AccumulationStore.month": {"executed_lines": [142], "summary": {"covered_lines": 1, "num_statements": 1, "percent_covered": 100.0, "percent_covered_display": "100", "missing_lines": 0, "excluded_lines": 0, "percent_statements_covered": 100.0, "percent_statements_covered_display": "100"}, "missing_lines": [], "excluded_lines": [], "start_line": 141}, "AccumulationStore.year": {"executed_lines": [], "summary": {"covered_lines": 0, "num_statements": 1, "percent_covered": 0.0, "percent_covered_display": "0", "missing_lines": 1, "excluded_lines": 0, "percent_statements_covered": 0.0, "percent_statements_covered_display": "0"}, "missing_lines": [146], "excluded_lines": [], "start_line": 145}, "AccumulationStore.yesterday": {"executed_lines": [], "summary": {"covered_lines": 0, "num_statements": 1, "percent_covered": 0.0, "percent_covered_display": "0", "missing_lines": 1, "excluded_lines": 0, "percent_statements_covered": 0.0, "percent_statements_covered_display": "0"}, "missing_lines": [150], "excluded_lines": [], "start_line": 149}, "AccumulationStore.today_forecast_kwh": {"executed_lines": [154], "summary": {"covered_lines": 1, "num_statements": 1, "percent_covered": 100.0, "percent_covered_display": "100", "missing_lines": 0, "excluded_lines": 0, "percent_statements_covered": 100.0, "percent_statements_covered_display": "100"}, "missing_lines": [], "excluded_lines": [], "start_line": 153}, "AccumulationStore.yesterday_forecast_accuracy_pct": {"executed_lines": [], "summary": {"covered_lines": 0, "num_statements": 1, "percent_covered": 0.0, "percent_covered_display": "0", "missing_lines": 1, "excluded_lines": 0, "percent_statements_covered": 0.0, "percent_statements_covered_display": "0"}, "missing_lines": [158], "excluded_lines": [], "start_line": 157}, "AccumulationStore.forecast_accuracy_7day_avg_pct": {"executed_lines": [], "summary": {"covered_lines": 0, "num_statements": 2, "percent_covered": 0.0, "percent_covered_display": "0", "missing_lines": 2, "excluded_lines": 0, "percent_statements_covered": 0.0, "percent_statements_covered_display": "0"}, "missing_lines": [163, 164], "excluded_lines": [], "start_line": 161}, "AccumulationStore.async_load": {"executed_lines": [170, 171, 172, 173, 174, 175, 176], "summary": {"covered_lines": 7, "num_statements": 10, "percent_covered": 70.0, "percent_covered_display": "70", "missing_lines": 3, "excluded_lines": 0, "percent_statements_covered": 70.0, "percent_statements_covered_display": "70"}, "missing_lines": [182, 183, 184], "excluded_lines": [], "start_line": 168}, "AccumulationStore.async_save": {"executed_lines": [188, 189], "summary": {"covered_lines": 2, "num_statements": 4, "percent_covered": 50.0, "percent_covered_display": "50", "missing_lines": 2, "excluded_lines": 0, "percent_statements_covered": 50.0, "percent_statements_covered_display": "50"}, "missing_lines": [190, 191], "excluded_lines": [], "start_line": 186}, "AccumulationStore.on_midnight": {"executed_lines": [], "summary": {"covered_lines": 0, "num_statements": 25, "percent_covered": 0.0, "percent_covered_display": "0", "missing_lines": 25, "excluded_lines": 0, "percent_statements_covered": 0.0, "percent_statements_covered_display": "0"}, "missing_lines": [206, 209, 212, 213, 214, 215, 216, 217, 218, 219, 227, 228, 229, 232, 233, 234, 235, 238, 239, 240, 241, 244, 245, 246, 247], "excluded_lines": [], "start_line": 195}, "AccumulationStore.restore_battery_stats": {"executed_lines": [251, 253, 254, 255, 256, 257], "summary": {"covered_lines": 6, "num_statements": 8, "percent_covered": 75.0, "percent_covered_display": "75", "missing_lines": 2, "excluded_lines": 0, "percent_statements_covered": 75.0, "percent_statements_covered_display": "75"}, "missing_lines": [258, 259], "excluded_lines": [], "start_line": 249}, "AccumulationStore.save_battery_stats": {"executed_lines": [263, 264], "summary": {"covered_lines": 2, "num_statements": 2, "percent_covered": 100.0, "percent_covered_display": "100", "missing_lines": 0, "excluded_lines": 0, "percent_statements_covered": 100.0, "percent_statements_covered_display": "100"}, "missing_lines": [], "excluded_lines": [], "start_line": 261}, "AccumulationStore.on_charge_decision": {"executed_lines": [276, 277, 278], "summary": {"covered_lines": 3, "num_statements": 3, "percent_covered": 100.0, "percent_covered_display": "100", "missing_lines": 0, "excluded_lines": 0, "percent_statements_covered": 100.0, "percent_statements_covered_display": "100"}, "missing_lines": [], "excluded_lines": [], "start_line": 268}, "AccumulationStore.update_bill_start_day": {"executed_lines": [], "summary": {"covered_lines": 0, "num_statements": 1, "percent_covered": 0.0, "percent_covered_display": "0", "missing_lines": 1, "excluded_lines": 0, "percent_statements_covered": 0.0, "percent_statements_covered_display": "0"}, "missing_lines": [282], "excluded_lines": [], "start_line": 280}, "_serialize": {"executed_lines": [289], "summary": {"covered_lines": 1, "num_statements": 1, "percent_covered": 100.0, "percent_covered_display": "100", "missing_lines": 0, "excluded_lines": 0, "percent_statements_covered": 100.0, "percent_statements_covered_display": "100"}, "missing_lines": [], "excluded_lines": [], "start_line": 288}, "_deserialize": {"executed_lines": [307, 308, 309, 310, 311, 312, 313, 314, 315, 316, 317, 318, 319, 320], "summary": {"covered_lines": 14, "num_statements": 14, "percent_covered": 100.0, "percent_covered_display": "100", "missing_lines": 0, "excluded_lines": 0, "percent_statements_covered": 100.0, "percent_statements_covered_display": "100"}, "missing_lines": [], "excluded_lines": [], "start_line": 306}, "": {"executed_lines": [19, 21, 22, 23, 24, 26, 31, 32, 33, 34, 40, 66, 78, 79, 82, 83, 84, 85, 86, 89, 90, 91, 92, 93, 96, 97, 98, 99, 105, 123, 132, 133, 136, 137, 140, 141, 144, 145, 148, 149, 152, 153, 156, 157, 160, 161, 168, 186, 195, 249, 261, 268, 280, 288, 306], "summary": {"covered_lines": 55, "num_statements": 55, "percent_covered": 100.0, "percent_covered_display": "100", "missing_lines": 0, "excluded_lines": 2, "percent_statements_covered": 100.0, "percent_statements_covered_display": "100"}, "missing_lines": [], "excluded_lines": [28, 29], "start_line": 1}}, "classes": {"AccumulationState": {"executed_lines": [], "summary": {"covered_lines": 0, "num_statements": 0, "percent_covered": 100.0, "percent_covered_display": "100", "missing_lines": 0, "excluded_lines": 0, "percent_statements_covered": 100.0, "percent_statements_covered_display": "100"}, "missing_lines": [], "excluded_lines": [], "start_line": 79}, "AccumulationStore": {"executed_lines": [124, 126, 127, 128, 134, 138, 142, 154, 170, 171, 172, 173, 174, 175, 176, 188, 189, 251, 253, 254, 255, 256, 257, 263, 264, 276, 277, 278], "summary": {"covered_lines": 28, "num_statements": 66, "percent_covered": 42.42424242424242, "percent_covered_display": "42", "missing_lines": 38, "excluded_lines": 0, "percent_statements_covered": 42.42424242424242, "percent_statements_covered_display": "42"}, "missing_lines": [146, 150, 158, 163, 164, 182, 183, 184, 190, 191, 206, 209, 212, 213, 214, 215, 216, 217, 218, 219, 227, 228, 229, 232, 233, 234, 235, 238, 239, 240, 241, 244, 245, 246, 247, 258, 259, 282], "excluded_lines": [], "start_line": 105}, "": {"executed_lines": [19, 21, 22, 23, 24, 26, 31, 32, 33, 34, 40, 42, 66, 68, 69, 70, 71, 72, 78, 79, 82, 83, 84, 85, 86, 89, 90, 91, 92, 93, 96, 97, 98, 99, 105, 123, 132, 133, 136, 137, 140, 141, 144, 145, 148, 149, 152, 153, 156, 157, 160, 161, 168, 186, 195, 249, 261, 268, 280, 288, 289, 306, 307, 308, 309, 310, 311, 312, 313, 314, 315, 316, 317, 318, 319, 320], "summary": {"covered_lines": 76, "num_statements": 76, "percent_covered": 100.0, "percent_covered_display": "100", "missing_lines": 0, "excluded_lines": 2, "percent_statements_covered": 100.0, "percent_statements_covered_display": "100"}, "missing_lines": [], "excluded_lines": [28, 29], "start_line": 1}}}, "custom_components/givenergy_inverter_manager/button.py": {"executed_lines": [], "summary": {"covered_lines": 0, "num_statements": 22, "percent_covered": 0.0, "percent_covered_display": "0", "missing_lines": 22, "excluded_lines": 0, "percent_statements_covered": 0.0, "percent_statements_covered_display": "0"}, "missing_lines": [3, 5, 6, 7, 8, 10, 11, 12, 14, 17, 22, 23, 26, 29, 30, 31, 33, 34, 35, 36, 44, 45], "excluded_lines": [], "functions": {"async_setup_entry": {"executed_lines": [], "summary": {"covered_lines": 0, "num_statements": 2, "percent_covered": 0.0, "percent_covered_display": "0", "missing_lines": 2, "excluded_lines": 0, "percent_statements_covered": 0.0, "percent_statements_covered_display": "0"}, "missing_lines": [22, 23], "excluded_lines": [], "start_line": 17}, "GivEnergyRefreshDashboardButton.__init__": {"executed_lines": [], "summary": {"covered_lines": 0, "num_statements": 3, "percent_covered": 0.0, "percent_covered_display": "0", "missing_lines": 3, "excluded_lines": 0, "percent_statements_covered": 0.0, "percent_statements_covered_display": "0"}, "missing_lines": [34, 35, 36], "excluded_lines": [], "start_line": 33}, "GivEnergyRefreshDashboardButton.async_press": {"executed_lines": [], "summary": {"covered_lines": 0, "num_statements": 1, "percent_covered": 0.0, "percent_covered_display": "0", "missing_lines": 1, "excluded_lines": 0, "percent_statements_covered": 0.0, "percent_statements_covered_display": "0"}, "missing_lines": [45], "excluded_lines": [], "start_line": 44}, "": {"executed_lines": [], "summary": {"covered_lines": 0, "num_statements": 16, "percent_covered": 0.0, "percent_covered_display": "0", "missing_lines": 16, "excluded_lines": 0, "percent_statements_covered": 0.0, "percent_statements_covered_display": "0"}, "missing_lines": [3, 5, 6, 7, 8, 10, 11, 12, 14, 17, 26, 29, 30, 31, 33, 44], "excluded_lines": [], "start_line": 1}}, "classes": {"GivEnergyRefreshDashboardButton": {"executed_lines": [], "summary": {"covered_lines": 0, "num_statements": 4, "percent_covered": 0.0, "percent_covered_display": "0", "missing_lines": 4, "excluded_lines": 0, "percent_statements_covered": 0.0, "percent_statements_covered_display": "0"}, "missing_lines": [34, 35, 36, 45], "excluded_lines": [], "start_line": 26}, "": {"executed_lines": [], "summary": {"covered_lines": 0, "num_statements": 18, "percent_covered": 0.0, "percent_covered_display": "0", "missing_lines": 18, "excluded_lines": 0, "percent_statements_covered": 0.0, "percent_statements_covered_display": "0"}, "missing_lines": [3, 5, 6, 7, 8, 10, 11, 12, 14, 17, 22, 23, 26, 29, 30, 31, 33, 44], "excluded_lines": [], "start_line": 1}}}, "custom_components/givenergy_inverter_manager/config_flow.py": {"executed_lines": [], "summary": {"covered_lines": 0, "num_statements": 218, "percent_covered": 0.0, "percent_covered_display": "0", "missing_lines": 218, "excluded_lines": 0, "percent_statements_covered": 0.0, "percent_statements_covered_display": "0"}, "missing_lines": [18, 20, 21, 23, 24, 25, 26, 27, 29, 97, 99, 101, 104, 118, 127, 130, 132, 135, 137, 138, 139, 140, 141, 150, 151, 154, 156, 157, 158, 159, 160, 161, 162, 170, 173, 175, 192, 194, 196, 197, 198, 199, 201, 203, 207, 210, 213, 215, 216, 217, 218, 220, 222, 223, 228, 229, 231, 232, 233, 234, 235, 236, 237, 238, 239, 241, 242, 244, 246, 247, 248, 249, 255, 258, 259, 260, 261, 263, 265, 266, 267, 269, 271, 278, 279, 280, 281, 282, 283, 284, 286, 288, 290, 291, 311, 313, 348, 358, 359, 360, 361, 363, 364, 366, 367, 370, 371, 372, 373, 375, 376, 377, 380, 382, 383, 384, 394, 397, 398, 405, 407, 408, 409, 410, 411, 418, 419, 420, 421, 424, 425, 427, 428, 429, 439, 440, 441, 442, 488, 489, 490, 492, 494, 495, 496, 497, 516, 518, 520, 521, 522, 523, 550, 552, 554, 555, 556, 558, 559, 560, 562, 563, 564, 565, 568, 574, 581, 588, 590, 591, 592, 593, 631, 633, 641, 643, 644, 645, 659, 660, 661, 663, 666, 667, 669, 670, 671, 672, 675, 678, 679, 680, 682, 683, 685, 687, 689, 690, 691, 692, 694, 695, 702, 703, 704, 705, 708, 709, 710, 711, 713, 714, 716, 793, 794, 796, 846, 871], "excluded_lines": [], "functions": {"_hhmmss": {"executed_lines": [], "summary": {"covered_lines": 0, "num_statements": 1, "percent_covered": 0.0, "percent_covered_display": "0", "missing_lines": 1, "excluded_lines": 0, "percent_statements_covered": 0.0, "percent_statements_covered_display": "0"}, "missing_lines": [132], "excluded_lines": [], "start_line": 130}, "_periods_to_slot_defaults": {"executed_lines": [], "summary": {"covered_lines": 0, "num_statements": 7, "percent_covered": 0.0, "percent_covered_display": "0", "missing_lines": 7, "excluded_lines": 0, "percent_statements_covered": 0.0, "percent_statements_covered_display": "0"}, "missing_lines": [137, 138, 139, 140, 141, 150, 151], "excluded_lines": [], "start_line": 135}, "_slots_to_rate_periods": {"executed_lines": [], "summary": {"covered_lines": 0, "num_statements": 8, "percent_covered": 0.0, "percent_covered_display": "0", "missing_lines": 8, "excluded_lines": 0, "percent_statements_covered": 0.0, "percent_statements_covered_display": "0"}, "missing_lines": [156, 157, 158, 159, 160, 161, 162, 170], "excluded_lines": [], "start_line": 154}, "_rate_period_section": {"executed_lines": [], "summary": {"covered_lines": 0, "num_statements": 1, "percent_covered": 0.0, "percent_covered_display": "0", "missing_lines": 1, "excluded_lines": 0, "percent_statements_covered": 0.0, "percent_statements_covered_display": "0"}, "missing_lines": [175], "excluded_lines": [], "start_line": 173}, "_build_charge_scheduling_summary": {"executed_lines": [], "summary": {"covered_lines": 0, "num_statements": 8, "percent_covered": 0.0, "percent_covered_display": "0", "missing_lines": 8, "excluded_lines": 0, "percent_statements_covered": 0.0, "percent_statements_covered_display": "0"}, "missing_lines": [194, 196, 197, 198, 199, 201, 203, 207], "excluded_lines": [], "start_line": 192}, "GivEnergyInverterManagerConfigFlow.__init__": {"executed_lines": [], "summary": {"covered_lines": 0, "num_statements": 3, "percent_covered": 0.0, "percent_covered_display": "0", "missing_lines": 3, "excluded_lines": 0, "percent_statements_covered": 0.0, "percent_statements_covered_display": "0"}, "missing_lines": [216, 217, 218], "excluded_lines": [], "start_line": 215}, "GivEnergyInverterManagerConfigFlow._select_best_inverter": {"executed_lines": [], "summary": {"covered_lines": 0, "num_statements": 4, "percent_covered": 0.0, "percent_covered_display": "0", "missing_lines": 4, "excluded_lines": 0, "percent_statements_covered": 0.0, "percent_statements_covered_display": "0"}, "missing_lines": [222, 223, 228, 229], "excluded_lines": [], "start_line": 220}, "GivEnergyInverterManagerConfigFlow._build_inverter_options": {"executed_lines": [], "summary": {"covered_lines": 0, "num_statements": 8, "percent_covered": 0.0, "percent_covered_display": "0", "missing_lines": 8, "excluded_lines": 0, "percent_statements_covered": 0.0, "percent_statements_covered_display": "0"}, "missing_lines": [232, 233, 234, 235, 236, 237, 238, 239], "excluded_lines": [], "start_line": 231}, "GivEnergyInverterManagerConfigFlow.async_step_user": {"executed_lines": [], "summary": {"covered_lines": 0, "num_statements": 1, "percent_covered": 0.0, "percent_covered_display": "0", "missing_lines": 1, "excluded_lines": 0, "percent_statements_covered": 0.0, "percent_statements_covered_display": "0"}, "missing_lines": [242], "excluded_lines": [], "start_line": 241}, "GivEnergyInverterManagerConfigFlow._handle_fully_configured_inverter": {"executed_lines": [], "summary": {"covered_lines": 0, "num_statements": 9, "percent_covered": 0.0, "percent_covered_display": "0", "missing_lines": 9, "excluded_lines": 0, "percent_statements_covered": 0.0, "percent_statements_covered_display": "0"}, "missing_lines": [246, 247, 248, 249, 255, 258, 259, 260, 261], "excluded_lines": [], "start_line": 244}, "GivEnergyInverterManagerConfigFlow._handle_partial_inverter": {"executed_lines": [], "summary": {"covered_lines": 0, "num_statements": 3, "percent_covered": 0.0, "percent_covered_display": "0", "missing_lines": 3, "excluded_lines": 0, "percent_statements_covered": 0.0, "percent_statements_covered_display": "0"}, "missing_lines": [265, 266, 267], "excluded_lines": [], "start_line": 263}, "GivEnergyInverterManagerConfigFlow._handle_manual_path": {"executed_lines": [], "summary": {"covered_lines": 0, "num_statements": 9, "percent_covered": 0.0, "percent_covered_display": "0", "missing_lines": 9, "excluded_lines": 0, "percent_statements_covered": 0.0, "percent_statements_covered_display": "0"}, "missing_lines": [271, 278, 279, 280, 281, 282, 283, 284, 286], "excluded_lines": [], "start_line": 269}, "GivEnergyInverterManagerConfigFlow._build_auto_detected_schema": {"executed_lines": [], "summary": {"covered_lines": 0, "num_statements": 2, "percent_covered": 0.0, "percent_covered_display": "0", "missing_lines": 2, "excluded_lines": 0, "percent_statements_covered": 0.0, "percent_statements_covered_display": "0"}, "missing_lines": [290, 291], "excluded_lines": [], "start_line": 288}, "GivEnergyInverterManagerConfigFlow._build_manual_schema": {"executed_lines": [], "summary": {"covered_lines": 0, "num_statements": 1, "percent_covered": 0.0, "percent_covered_display": "0", "missing_lines": 1, "excluded_lines": 0, "percent_statements_covered": 0.0, "percent_statements_covered_display": "0"}, "missing_lines": [313], "excluded_lines": [], "start_line": 311}, "GivEnergyInverterManagerConfigFlow.async_step_inverter": {"executed_lines": [], "summary": {"covered_lines": 0, "num_statements": 22, "percent_covered": 0.0, "percent_covered_display": "0", "missing_lines": 22, "excluded_lines": 0, "percent_statements_covered": 0.0, "percent_statements_covered_display": "0"}, "missing_lines": [358, 359, 360, 361, 363, 364, 366, 367, 370, 371, 372, 373, 375, 376, 377, 380, 382, 383, 384, 394, 397, 398], "excluded_lines": [], "start_line": 348}, "GivEnergyInverterManagerConfigFlow.async_step_tariff": {"executed_lines": [], "summary": {"covered_lines": 0, "num_statements": 14, "percent_covered": 0.0, "percent_covered_display": "0", "missing_lines": 14, "excluded_lines": 0, "percent_statements_covered": 0.0, "percent_statements_covered_display": "0"}, "missing_lines": [407, 408, 409, 410, 411, 418, 419, 420, 421, 424, 425, 427, 428, 429], "excluded_lines": [], "start_line": 405}, "GivEnergyInverterManagerConfigFlow._build_tariff_schema": {"executed_lines": [], "summary": {"covered_lines": 0, "num_statements": 5, "percent_covered": 0.0, "percent_covered_display": "0", "missing_lines": 5, "excluded_lines": 0, "percent_statements_covered": 0.0, "percent_statements_covered_display": "0"}, "missing_lines": [441, 442, 488, 489, 490], "excluded_lines": [], "start_line": 440}, "GivEnergyInverterManagerConfigFlow.async_step_forecast": {"executed_lines": [], "summary": {"covered_lines": 0, "num_statements": 5, "percent_covered": 0.0, "percent_covered_display": "0", "missing_lines": 5, "excluded_lines": 0, "percent_statements_covered": 0.0, "percent_statements_covered_display": "0"}, "missing_lines": [494, 495, 496, 497, 516], "excluded_lines": [], "start_line": 492}, "GivEnergyInverterManagerConfigFlow.async_step_immersion": {"executed_lines": [], "summary": {"covered_lines": 0, "num_statements": 5, "percent_covered": 0.0, "percent_covered_display": "0", "missing_lines": 5, "excluded_lines": 0, "percent_statements_covered": 0.0, "percent_statements_covered_display": "0"}, "missing_lines": [520, 521, 522, 523, 550], "excluded_lines": [], "start_line": 518}, "GivEnergyInverterManagerConfigFlow.async_step_ev": {"executed_lines": [], "summary": {"covered_lines": 0, "num_statements": 13, "percent_covered": 0.0, "percent_covered_display": "0", "missing_lines": 13, "excluded_lines": 0, "percent_statements_covered": 0.0, "percent_statements_covered_display": "0"}, "missing_lines": [554, 555, 556, 558, 559, 560, 562, 563, 564, 565, 568, 574, 581], "excluded_lines": [], "start_line": 552}, "GivEnergyInverterManagerConfigFlow.async_step_battery": {"executed_lines": [], "summary": {"covered_lines": 0, "num_statements": 5, "percent_covered": 0.0, "percent_covered_display": "0", "missing_lines": 5, "excluded_lines": 0, "percent_statements_covered": 0.0, "percent_statements_covered_display": "0"}, "missing_lines": [590, 591, 592, 593, 631], "excluded_lines": [], "start_line": 588}, "GivEnergyInverterManagerConfigFlow.async_step_reconfigure": {"executed_lines": [], "summary": {"covered_lines": 0, "num_statements": 10, "percent_covered": 0.0, "percent_covered_display": "0", "missing_lines": 10, "excluded_lines": 0, "percent_statements_covered": 0.0, "percent_statements_covered_display": "0"}, "missing_lines": [641, 643, 644, 645, 659, 660, 661, 663, 666, 667], "excluded_lines": [], "start_line": 633}, "GivEnergyInverterManagerConfigFlow.async_get_options_flow": {"executed_lines": [], "summary": {"covered_lines": 0, "num_statements": 1, "percent_covered": 0.0, "percent_covered_display": "0", "missing_lines": 1, "excluded_lines": 0, "percent_statements_covered": 0.0, "percent_statements_covered_display": "0"}, "missing_lines": [672], "excluded_lines": [], "start_line": 671}, "GivEnergyOptionsFlow.__init__": {"executed_lines": [], "summary": {"covered_lines": 0, "num_statements": 2, "percent_covered": 0.0, "percent_covered_display": "0", "missing_lines": 2, "excluded_lines": 0, "percent_statements_covered": 0.0, "percent_statements_covered_display": "0"}, "missing_lines": [679, 680], "excluded_lines": [], "start_line": 678}, "GivEnergyOptionsFlow._get": {"executed_lines": [], "summary": {"covered_lines": 0, "num_statements": 1, "percent_covered": 0.0, "percent_covered_display": "0", "missing_lines": 1, "excluded_lines": 0, "percent_statements_covered": 0.0, "percent_statements_covered_display": "0"}, "missing_lines": [683], "excluded_lines": [], "start_line": 682}, "GivEnergyOptionsFlow.async_step_init": {"executed_lines": [], "summary": {"covered_lines": 0, "num_statements": 23, "percent_covered": 0.0, "percent_covered_display": "0", "missing_lines": 23, "excluded_lines": 0, "percent_statements_covered": 0.0, "percent_statements_covered_display": "0"}, "missing_lines": [687, 689, 690, 691, 692, 694, 695, 702, 703, 704, 705, 708, 709, 710, 711, 713, 714, 716, 793, 794, 796, 846, 871], "excluded_lines": [], "start_line": 685}, "": {"executed_lines": [], "summary": {"covered_lines": 0, "num_statements": 47, "percent_covered": 0.0, "percent_covered_display": "0", "missing_lines": 47, "excluded_lines": 0, "percent_statements_covered": 0.0, "percent_statements_covered_display": "0"}, "missing_lines": [18, 20, 21, 23, 24, 25, 26, 27, 29, 97, 99, 101, 104, 118, 127, 130, 135, 154, 173, 192, 210, 213, 215, 220, 231, 241, 244, 263, 269, 288, 311, 348, 405, 439, 440, 492, 518, 552, 588, 633, 669, 670, 671, 675, 678, 682, 685], "excluded_lines": [], "start_line": 1}}, "classes": {"GivEnergyInverterManagerConfigFlow": {"executed_lines": [], "summary": {"covered_lines": 0, "num_statements": 120, "percent_covered": 0.0, "percent_covered_display": "0", "missing_lines": 120, "excluded_lines": 0, "percent_statements_covered": 0.0, "percent_statements_covered_display": "0"}, "missing_lines": [216, 217, 218, 222, 223, 228, 229, 232, 233, 234, 235, 236, 237, 238, 239, 242, 246, 247, 248, 249, 255, 258, 259, 260, 261, 265, 266, 267, 271, 278, 279, 280, 281, 282, 283, 284, 286, 290, 291, 313, 358, 359, 360, 361, 363, 364, 366, 367, 370, 371, 372, 373, 375, 376, 377, 380, 382, 383, 384, 394, 397, 398, 407, 408, 409, 410, 411, 418, 419, 420, 421, 424, 425, 427, 428, 429, 441, 442, 488, 489, 490, 494, 495, 496, 497, 516, 520, 521, 522, 523, 550, 554, 555, 556, 558, 559, 560, 562, 563, 564, 565, 568, 574, 581, 590, 591, 592, 593, 631, 641, 643, 644, 645, 659, 660, 661, 663, 666, 667, 672], "excluded_lines": [], "start_line": 210}, "GivEnergyOptionsFlow": {"executed_lines": [], "summary": {"covered_lines": 0, "num_statements": 26, "percent_covered": 0.0, "percent_covered_display": "0", "missing_lines": 26, "excluded_lines": 0, "percent_statements_covered": 0.0, "percent_statements_covered_display": "0"}, "missing_lines": [679, 680, 683, 687, 689, 690, 691, 692, 694, 695, 702, 703, 704, 705, 708, 709, 710, 711, 713, 714, 716, 793, 794, 796, 846, 871], "excluded_lines": [], "start_line": 675}, "": {"executed_lines": [], "summary": {"covered_lines": 0, "num_statements": 72, "percent_covered": 0.0, "percent_covered_display": "0", "missing_lines": 72, "excluded_lines": 0, "percent_statements_covered": 0.0, "percent_statements_covered_display": "0"}, "missing_lines": [18, 20, 21, 23, 24, 25, 26, 27, 29, 97, 99, 101, 104, 118, 127, 130, 132, 135, 137, 138, 139, 140, 141, 150, 151, 154, 156, 157, 158, 159, 160, 161, 162, 170, 173, 175, 192, 194, 196, 197, 198, 199, 201, 203, 207, 210, 213, 215, 220, 231, 241, 244, 263, 269, 288, 311, 348, 405, 439, 440, 492, 518, 552, 588, 633, 669, 670, 671, 675, 678, 682, 685], "excluded_lines": [], "start_line": 1}}}, "custom_components/givenergy_inverter_manager/const.py": {"executed_lines": [17, 18, 19, 22, 23, 24, 25, 26, 27, 28, 29, 31, 32, 33, 34, 35, 36, 40, 41, 44, 45, 46, 47, 48, 49, 50, 51, 54, 55, 56, 57, 60, 61, 62, 63, 64, 65, 68, 69, 70, 73, 85, 88, 89, 90, 91, 92, 93, 94, 95, 96, 97, 98, 99, 100, 101, 102, 103, 104, 109, 110, 112, 121, 122, 124, 125, 128, 129, 130, 133, 134, 135, 136, 137, 141, 143, 145, 148, 151, 156, 157, 158, 159, 160, 161, 162, 163, 164, 165, 166, 167, 168, 171, 172, 175, 178, 183, 184, 187, 188], "summary": {"covered_lines": 100, "num_statements": 100, "percent_covered": 100.0, "percent_covered_display": "100", "missing_lines": 0, "excluded_lines": 0, "percent_statements_covered": 100.0, "percent_statements_covered_display": "100"}, "missing_lines": [], "excluded_lines": [], "functions": {"": {"executed_lines": [17, 18, 19, 22, 23, 24, 25, 26, 27, 28, 29, 31, 32, 33, 34, 35, 36, 40, 41, 44, 45, 46, 47, 48, 49, 50, 51, 54, 55, 56, 57, 60, 61, 62, 63, 64, 65, 68, 69, 70, 73, 85, 88, 89, 90, 91, 92, 93, 94, 95, 96, 97, 98, 99, 100, 101, 102, 103, 104, 109, 110, 112, 121, 122, 124, 125, 128, 129, 130, 133, 134, 135, 136, 137, 141, 143, 145, 148, 151, 156, 157, 158, 159, 160, 161, 162, 163, 164, 165, 166, 167, 168, 171, 172, 175, 178, 183, 184, 187, 188], "summary": {"covered_lines": 100, "num_statements": 100, "percent_covered": 100.0, "percent_covered_display": "100", "missing_lines": 0, "excluded_lines": 0, "percent_statements_covered": 100.0, "percent_statements_covered_display": "100"}, "missing_lines": [], "excluded_lines": [], "start_line": 1}}, "classes": {"": {"executed_lines": [17, 18, 19, 22, 23, 24, 25, 26, 27, 28, 29, 31, 32, 33, 34, 35, 36, 40, 41, 44, 45, 46, 47, 48, 49, 50, 51, 54, 55, 56, 57, 60, 61, 62, 63, 64, 65, 68, 69, 70, 73, 85, 88, 89, 90, 91, 92, 93, 94, 95, 96, 97, 98, 99, 100, 101, 102, 103, 104, 109, 110, 112, 121, 122, 124, 125, 128, 129, 130, 133, 134, 135, 136, 137, 141, 143, 145, 148, 151, 156, 157, 158, 159, 160, 161, 162, 163, 164, 165, 166, 167, 168, 171, 172, 175, 178, 183, 184, 187, 188], "summary": {"covered_lines": 100, "num_statements": 100, "percent_covered": 100.0, "percent_covered_display": "100", "missing_lines": 0, "excluded_lines": 0, "percent_statements_covered": 100.0, "percent_statements_covered_display": "100"}, "missing_lines": [], "excluded_lines": [], "start_line": 1}}}, "custom_components/givenergy_inverter_manager/coordinator.py": {"executed_lines": [37, 39, 40, 41, 43, 44, 45, 46, 47, 49, 50, 87, 88, 93, 94, 95, 100, 101, 103, 105, 108, 122, 188, 189, 193, 194, 198, 199, 203, 204, 212, 216, 220, 230, 236, 238, 240, 241, 242, 243, 244, 245, 246, 247, 248, 253, 255, 257, 258, 260, 261, 265, 267, 268, 269, 270, 273, 277, 285, 286, 287, 288, 289, 290, 291, 292, 293, 301, 309, 317, 319, 322, 323, 324, 330, 331, 332, 335, 343, 344, 345, 346, 347, 348, 349, 352, 353, 356, 357, 366, 372, 373, 374, 375, 376, 380, 406, 407, 408, 409, 410, 411, 412, 413, 414, 416, 417, 436, 437, 439, 440, 441, 443, 444, 445, 447, 449, 454, 455, 456, 457, 458, 465, 470, 478, 480, 481, 482, 483, 487, 488, 490, 491, 496, 497, 498, 499, 501, 510, 512, 519, 525, 526, 527, 533, 539, 545, 546, 552, 562, 564, 565, 566, 568, 570, 571, 572, 573, 576, 577, 578, 579, 581, 582, 583, 584, 585, 587, 588, 589, 591, 592, 593, 594, 596, 597, 598, 600, 604, 606, 608, 609, 610, 611, 615, 617, 619, 624, 625, 626, 627, 629, 630, 633, 634, 635, 636, 637, 639, 644, 653, 657, 658, 659, 660, 664, 665, 667, 678, 694, 695, 696, 698, 699, 702, 703, 706, 707, 709, 711, 715, 716, 717, 719, 724, 726, 727, 729, 730, 735, 739, 741, 742, 743, 744, 759, 765, 766, 769, 770, 775, 776, 777, 778, 779, 780, 781, 782, 785, 786, 790, 791, 792, 793, 798, 799, 800, 801, 804, 807, 810, 816, 819, 820, 844, 845, 855, 856, 859, 862, 865, 866, 869, 871], "summary": {"covered_lines": 274, "num_statements": 360, "percent_covered": 76.11111111111111, "percent_covered_display": "76", "missing_lines": 86, "excluded_lines": 0, "percent_statements_covered": 76.11111111111111, "percent_statements_covered_display": "76"}, "missing_lines": [123, 130, 134, 137, 140, 141, 143, 144, 145, 146, 147, 148, 149, 150, 151, 154, 156, 157, 160, 163, 166, 167, 168, 170, 173, 176, 179, 186, 191, 196, 201, 206, 214, 218, 228, 232, 239, 249, 250, 251, 256, 259, 262, 263, 271, 272, 302, 318, 325, 328, 329, 333, 350, 351, 381, 382, 383, 386, 392, 401, 402, 459, 474, 601, 602, 612, 613, 669, 672, 673, 674, 746, 747, 748, 750, 751, 752, 753, 754, 756, 757, 767, 768, 811, 812, 813], "excluded_lines": [], "functions": {"GivEnergyCoordinator.__init__": {"executed_lines": [], "summary": {"covered_lines": 0, "num_statements": 28, "percent_covered": 0.0, "percent_covered_display": "0", "missing_lines": 28, "excluded_lines": 0, "percent_statements_covered": 0.0, "percent_statements_covered_display": "0"}, "missing_lines": [123, 130, 134, 137, 140, 141, 143, 144, 145, 146, 147, 148, 149, 150, 151, 154, 156, 157, 160, 163, 166, 167, 168, 170, 173, 176, 179, 186], "excluded_lines": [], "start_line": 122}, "GivEnergyCoordinator.update_cycle": {"executed_lines": [], "summary": {"covered_lines": 0, "num_statements": 1, "percent_covered": 0.0, "percent_covered_display": "0", "missing_lines": 1, "excluded_lines": 0, "percent_statements_covered": 0.0, "percent_statements_covered_display": "0"}, "missing_lines": [191], "excluded_lines": [], "start_line": 189}, "GivEnergyCoordinator.solar_fractions": {"executed_lines": [], "summary": {"covered_lines": 0, "num_statements": 1, "percent_covered": 0.0, "percent_covered_display": "0", "missing_lines": 1, "excluded_lines": 0, "percent_statements_covered": 0.0, "percent_statements_covered_display": "0"}, "missing_lines": [196], "excluded_lines": [], "start_line": 194}, "GivEnergyCoordinator.ev_charger_brand": {"executed_lines": [], "summary": {"covered_lines": 0, "num_statements": 1, "percent_covered": 0.0, "percent_covered_display": "0", "missing_lines": 1, "excluded_lines": 0, "percent_statements_covered": 0.0, "percent_statements_covered_display": "0"}, "missing_lines": [201], "excluded_lines": [], "start_line": 199}, "GivEnergyCoordinator.is_dry_run": {"executed_lines": [], "summary": {"covered_lines": 0, "num_statements": 1, "percent_covered": 0.0, "percent_covered_display": "0", "missing_lines": 1, "excluded_lines": 0, "percent_statements_covered": 0.0, "percent_statements_covered_display": "0"}, "missing_lines": [206], "excluded_lines": [], "start_line": 204}, "GivEnergyCoordinator._get_state": {"executed_lines": [], "summary": {"covered_lines": 0, "num_statements": 1, "percent_covered": 0.0, "percent_covered_display": "0", "missing_lines": 1, "excluded_lines": 0, "percent_statements_covered": 0.0, "percent_statements_covered_display": "0"}, "missing_lines": [214], "excluded_lines": [], "start_line": 212}, "GivEnergyCoordinator._get_all_states": {"executed_lines": [], "summary": {"covered_lines": 0, "num_statements": 1, "percent_covered": 0.0, "percent_covered_display": "0", "missing_lines": 1, "excluded_lines": 0, "percent_statements_covered": 0.0, "percent_statements_covered_display": "0"}, "missing_lines": [218], "excluded_lines": [], "start_line": 216}, "GivEnergyCoordinator._call_service": {"executed_lines": [], "summary": {"covered_lines": 0, "num_statements": 1, "percent_covered": 0.0, "percent_covered_display": "0", "missing_lines": 1, "excluded_lines": 0, "percent_statements_covered": 0.0, "percent_statements_covered_display": "0"}, "missing_lines": [228], "excluded_lines": [], "start_line": 220}, "GivEnergyCoordinator._create_task": {"executed_lines": [], "summary": {"covered_lines": 0, "num_statements": 1, "percent_covered": 0.0, "percent_covered_display": "0", "missing_lines": 1, "excluded_lines": 0, "percent_statements_covered": 0.0, "percent_statements_covered_display": "0"}, "missing_lines": [232], "excluded_lines": [], "start_line": 230}, "GivEnergyCoordinator._read_float": {"executed_lines": [238, 240, 241, 242, 243, 244, 245, 246, 247, 248], "summary": {"covered_lines": 10, "num_statements": 14, "percent_covered": 71.42857142857143, "percent_covered_display": "71", "missing_lines": 4, "excluded_lines": 0, "percent_statements_covered": 71.42857142857143, "percent_statements_covered_display": "71"}, "missing_lines": [239, 249, 250, 251], "excluded_lines": [], "start_line": 236}, "GivEnergyCoordinator._read_optional_float": {"executed_lines": [255, 257, 258, 260, 261], "summary": {"covered_lines": 5, "num_statements": 9, "percent_covered": 55.55555555555556, "percent_covered_display": "56", "missing_lines": 4, "excluded_lines": 0, "percent_statements_covered": 55.55555555555556, "percent_statements_covered_display": "56"}, "missing_lines": [256, 259, 262, 263], "excluded_lines": [], "start_line": 253}, "GivEnergyCoordinator._read_bool": {"executed_lines": [267, 268, 269, 270, 273], "summary": {"covered_lines": 5, "num_statements": 7, "percent_covered": 71.42857142857143, "percent_covered_display": "71", "missing_lines": 2, "excluded_lines": 0, "percent_statements_covered": 71.42857142857143, "percent_statements_covered_display": "71"}, "missing_lines": [271, 272], "excluded_lines": [], "start_line": 265}, "GivEnergyCoordinator._givtcp_set_switch": {"executed_lines": [285, 286, 287, 288, 289, 290, 291, 292, 293, 301], "summary": {"covered_lines": 10, "num_statements": 11, "percent_covered": 90.9090909090909, "percent_covered_display": "91", "missing_lines": 1, "excluded_lines": 0, "percent_statements_covered": 90.9090909090909, "percent_statements_covered_display": "91"}, "missing_lines": [302], "excluded_lines": [], "start_line": 277}, "GivEnergyCoordinator._givtcp_set_select": {"executed_lines": [317, 319, 322, 323, 324, 330, 331, 332], "summary": {"covered_lines": 8, "num_statements": 13, "percent_covered": 61.53846153846154, "percent_covered_display": "62", "missing_lines": 5, "excluded_lines": 0, "percent_statements_covered": 61.53846153846154, "percent_statements_covered_display": "62"}, "missing_lines": [318, 325, 328, 329, 333], "excluded_lines": [], "start_line": 309}, "GivEnergyCoordinator._givtcp_set_number": {"executed_lines": [343, 344, 345, 346, 347, 348, 349, 352, 353, 356, 357], "summary": {"covered_lines": 11, "num_statements": 13, "percent_covered": 84.61538461538461, "percent_covered_display": "85", "missing_lines": 2, "excluded_lines": 0, "percent_statements_covered": 84.61538461538461, "percent_statements_covered_display": "85"}, "missing_lines": [350, 351], "excluded_lines": [], "start_line": 335}, "GivEnergyCoordinator._register_charge_target_listener": {"executed_lines": [372, 373, 374, 375, 376, 380], "summary": {"covered_lines": 6, "num_statements": 13, "percent_covered": 46.15384615384615, "percent_covered_display": "46", "missing_lines": 7, "excluded_lines": 0, "percent_statements_covered": 46.15384615384615, "percent_statements_covered_display": "46"}, "missing_lines": [381, 382, 383, 386, 392, 401, 402], "excluded_lines": [], "start_line": 366}, "GivEnergyCoordinator._midnight_reset": {"executed_lines": [408, 409, 410, 411, 412, 413, 414], "summary": {"covered_lines": 7, "num_statements": 7, "percent_covered": 100.0, "percent_covered_display": "100", "missing_lines": 0, "excluded_lines": 0, "percent_statements_covered": 100.0, "percent_statements_covered_display": "100"}, "missing_lines": [], "excluded_lines": [], "start_line": 407}, "GivEnergyCoordinator._write_charge_target_to_inverter": {"executed_lines": [436, 437, 439, 440, 441, 443, 444, 445, 447, 449, 454, 455, 456, 457, 458, 465, 470, 478, 480, 481, 482, 483, 487, 488, 490, 491, 496, 497, 498, 499, 501, 510], "summary": {"covered_lines": 32, "num_statements": 34, "percent_covered": 94.11764705882354, "percent_covered_display": "94", "missing_lines": 2, "excluded_lines": 0, "percent_statements_covered": 94.11764705882354, "percent_statements_covered_display": "94"}, "missing_lines": [459, 474], "excluded_lines": [], "start_line": 417}, "GivEnergyCoordinator._async_apply_charge_target": {"executed_lines": [519, 525, 526, 527, 533, 539, 545, 546, 552], "summary": {"covered_lines": 9, "num_statements": 9, "percent_covered": 100.0, "percent_covered_display": "100", "missing_lines": 0, "excluded_lines": 0, "percent_statements_covered": 100.0, "percent_statements_covered_display": "100"}, "missing_lines": [], "excluded_lines": [], "start_line": 512}, "GivEnergyCoordinator._effective_cfg": {"executed_lines": [564, 565, 566], "summary": {"covered_lines": 3, "num_statements": 3, "percent_covered": 100.0, "percent_covered_display": "100", "missing_lines": 0, "excluded_lines": 0, "percent_statements_covered": 100.0, "percent_statements_covered_display": "100"}, "missing_lines": [], "excluded_lines": [], "start_line": 562}, "GivEnergyCoordinator._collect_raw": {"executed_lines": [570, 571, 572, 573, 576, 577, 578, 579, 581, 582, 583, 584, 585, 587, 588, 589, 591, 592, 593, 594, 596, 597, 598, 600, 604], "summary": {"covered_lines": 25, "num_statements": 27, "percent_covered": 92.5925925925926, "percent_covered_display": "93", "missing_lines": 2, "excluded_lines": 0, "percent_statements_covered": 92.5925925925926, "percent_statements_covered_display": "93"}, "missing_lines": [601, 602], "excluded_lines": [], "start_line": 568}, "GivEnergyCoordinator._maybe_rediscover_ev": {"executed_lines": [608, 609, 610, 611, 615], "summary": {"covered_lines": 5, "num_statements": 7, "percent_covered": 71.42857142857143, "percent_covered_display": "71", "missing_lines": 2, "excluded_lines": 0, "percent_statements_covered": 71.42857142857143, "percent_statements_covered_display": "71"}, "missing_lines": [612, 613], "excluded_lines": [], "start_line": 606}, "GivEnergyCoordinator._apply_ev_action": {"executed_lines": [619, 624, 625, 626, 627, 629, 630, 633, 634, 635, 636, 637, 639, 644], "summary": {"covered_lines": 14, "num_statements": 14, "percent_covered": 100.0, "percent_covered_display": "100", "missing_lines": 0, "excluded_lines": 0, "percent_statements_covered": 100.0, "percent_statements_covered_display": "100"}, "missing_lines": [], "excluded_lines": [], "start_line": 617}, "GivEnergyCoordinator._maybe_release_immersion_run_to_target": {"executed_lines": [657, 658, 659, 660, 664, 665], "summary": {"covered_lines": 6, "num_statements": 6, "percent_covered": 100.0, "percent_covered_display": "100", "missing_lines": 0, "excluded_lines": 0, "percent_statements_covered": 100.0, "percent_statements_covered_display": "100"}, "missing_lines": [], "excluded_lines": [], "start_line": 653}, "GivEnergyCoordinator._write_floor_target": {"executed_lines": [], "summary": {"covered_lines": 0, "num_statements": 4, "percent_covered": 0.0, "percent_covered_display": "0", "missing_lines": 4, "excluded_lines": 0, "percent_statements_covered": 0.0, "percent_statements_covered_display": "0"}, "missing_lines": [669, 672, 673, 674], "excluded_lines": [], "start_line": 667}, "GivEnergyCoordinator._maybe_apply_cheap_rate_floor": {"executed_lines": [694, 695, 696, 698, 699, 702, 703, 706, 707, 709, 711, 715, 716, 717, 719, 724, 726, 727, 729, 730, 735, 739, 741, 742, 743, 744], "summary": {"covered_lines": 26, "num_statements": 36, "percent_covered": 72.22222222222223, "percent_covered_display": "72", "missing_lines": 10, "excluded_lines": 0, "percent_statements_covered": 72.22222222222223, "percent_statements_covered_display": "72"}, "missing_lines": [746, 747, 748, 750, 751, 752, 753, 754, 756, 757], "excluded_lines": [], "start_line": 678}, "GivEnergyCoordinator._async_update_data": {"executed_lines": [765, 766, 769, 770, 775, 776, 777, 778, 779, 780, 781, 782, 785, 786, 790, 791, 792, 793, 798, 799, 800, 801, 804, 807, 810, 816, 819, 820, 844, 845, 855, 856, 859, 862, 865, 866, 869, 871], "summary": {"covered_lines": 38, "num_statements": 43, "percent_covered": 88.37209302325581, "percent_covered_display": "88", "missing_lines": 5, "excluded_lines": 0, "percent_statements_covered": 88.37209302325581, "percent_statements_covered_display": "88"}, "missing_lines": [767, 768, 811, 812, 813], "excluded_lines": [], "start_line": 759}, "": {"executed_lines": [37, 39, 40, 41, 43, 44, 45, 46, 47, 49, 50, 87, 88, 93, 94, 95, 100, 101, 103, 105, 108, 122, 188, 189, 193, 194, 198, 199, 203, 204, 212, 216, 220, 230, 236, 253, 265, 277, 309, 335, 366, 406, 407, 416, 417, 512, 562, 568, 606, 617, 653, 667, 678, 759], "summary": {"covered_lines": 54, "num_statements": 54, "percent_covered": 100.0, "percent_covered_display": "100", "missing_lines": 0, "excluded_lines": 0, "percent_statements_covered": 100.0, "percent_statements_covered_display": "100"}, "missing_lines": [], "excluded_lines": [], "start_line": 1}}, "classes": {"GivEnergyCoordinator": {"executed_lines": [238, 240, 241, 242, 243, 244, 245, 246, 247, 248, 255, 257, 258, 260, 261, 267, 268, 269, 270, 273, 285, 286, 287, 288, 289, 290, 291, 292, 293, 301, 317, 319, 322, 323, 324, 330, 331, 332, 343, 344, 345, 346, 347, 348, 349, 352, 353, 356, 357, 372, 373, 374, 375, 376, 380, 408, 409, 410, 411, 412, 413, 414, 436, 437, 439, 440, 441, 443, 444, 445, 447, 449, 454, 455, 456, 457, 458, 465, 470, 478, 480, 481, 482, 483, 487, 488, 490, 491, 496, 497, 498, 499, 501, 510, 519, 525, 526, 527, 533, 539, 545, 546, 552, 564, 565, 566, 570, 571, 572, 573, 576, 577, 578, 579, 581, 582, 583, 584, 585, 587, 588, 589, 591, 592, 593, 594, 596, 597, 598, 600, 604, 608, 609, 610, 611, 615, 619, 624, 625, 626, 627, 629, 630, 633, 634, 635, 636, 637, 639, 644, 657, 658, 659, 660, 664, 665, 694, 695, 696, 698, 699, 702, 703, 706, 707, 709, 711, 715, 716, 717, 719, 724, 726, 727, 729, 730, 735, 739, 741, 742, 743, 744, 765, 766, 769, 770, 775, 776, 777, 778, 779, 780, 781, 782, 785, 786, 790, 791, 792, 793, 798, 799, 800, 801, 804, 807, 810, 816, 819, 820, 844, 845, 855, 856, 859, 862, 865, 866, 869, 871], "summary": {"covered_lines": 220, "num_statements": 306, "percent_covered": 71.89542483660131, "percent_covered_display": "72", "missing_lines": 86, "excluded_lines": 0, "percent_statements_covered": 71.89542483660131, "percent_statements_covered_display": "72"}, "missing_lines": [123, 130, 134, 137, 140, 141, 143, 144, 145, 146, 147, 148, 149, 150, 151, 154, 156, 157, 160, 163, 166, 167, 168, 170, 173, 176, 179, 186, 191, 196, 201, 206, 214, 218, 228, 232, 239, 249, 250, 251, 256, 259, 262, 263, 271, 272, 302, 318, 325, 328, 329, 333, 350, 351, 381, 382, 383, 386, 392, 401, 402, 459, 474, 601, 602, 612, 613, 669, 672, 673, 674, 746, 747, 748, 750, 751, 752, 753, 754, 756, 757, 767, 768, 811, 812, 813], "excluded_lines": [], "start_line": 108}, "": {"executed_lines": [37, 39, 40, 41, 43, 44, 45, 46, 47, 49, 50, 87, 88, 93, 94, 95, 100, 101, 103, 105, 108, 122, 188, 189, 193, 194, 198, 199, 203, 204, 212, 216, 220, 230, 236, 253, 265, 277, 309, 335, 366, 406, 407, 416, 417, 512, 562, 568, 606, 617, 653, 667, 678, 759], "summary": {"covered_lines": 54, "num_statements": 54, "percent_covered": 100.0, "percent_covered_display": "100", "missing_lines": 0, "excluded_lines": 0, "percent_statements_covered": 100.0, "percent_statements_covered_display": "100"}, "missing_lines": [], "excluded_lines": [], "start_line": 1}}}, "custom_components/givenergy_inverter_manager/core/battery.py": {"executed_lines": [23, 25, 26, 29, 32, 33, 35, 36, 38, 39, 41, 43, 44, 45, 46, 47, 49, 50, 58, 60, 61, 69, 76, 80, 92, 93, 94, 95, 97, 98, 103, 104], "summary": {"covered_lines": 32, "num_statements": 36, "percent_covered": 88.88888888888889, "percent_covered_display": "89", "missing_lines": 4, "excluded_lines": 0, "percent_statements_covered": 88.88888888888889, "percent_statements_covered_display": "89"}, "missing_lines": [63, 64, 65, 66], "excluded_lines": [], "functions": {"BatteryStats.estimated_remaining_life_pct": {"executed_lines": [41], "summary": {"covered_lines": 1, "num_statements": 1, "percent_covered": 100.0, "percent_covered_display": "100", "missing_lines": 0, "excluded_lines": 0, "percent_statements_covered": 100.0, "percent_statements_covered_display": "100"}, "missing_lines": [], "excluded_lines": [], "start_line": 39}, "BatteryStats.days_since_full_charge": {"executed_lines": [45, 46, 47], "summary": {"covered_lines": 3, "num_statements": 3, "percent_covered": 100.0, "percent_covered_display": "100", "missing_lines": 0, "excluded_lines": 0, "percent_statements_covered": 100.0, "percent_statements_covered_display": "100"}, "missing_lines": [], "excluded_lines": [], "start_line": 44}, "BatteryStats.average_daily_cycles": {"executed_lines": [58], "summary": {"covered_lines": 1, "num_statements": 1, "percent_covered": 100.0, "percent_covered_display": "100", "missing_lines": 0, "excluded_lines": 0, "percent_statements_covered": 100.0, "percent_statements_covered_display": "100"}, "missing_lines": [], "excluded_lines": [], "start_line": 50}, "BatteryStats.estimated_years_remaining": {"executed_lines": [], "summary": {"covered_lines": 0, "num_statements": 4, "percent_covered": 0.0, "percent_covered_display": "0", "missing_lines": 4, "excluded_lines": 0, "percent_statements_covered": 0.0, "percent_statements_covered_display": "0"}, "missing_lines": [63, 64, 65, 66], "excluded_lines": [], "start_line": 61}, "calculate_cycle_increment": {"executed_lines": [76], "summary": {"covered_lines": 1, "num_statements": 1, "percent_covered": 100.0, "percent_covered_display": "100", "missing_lines": 0, "excluded_lines": 0, "percent_statements_covered": 100.0, "percent_statements_covered_display": "100"}, "missing_lines": [], "excluded_lines": [], "start_line": 69}, "estimate_will_survive_night": {"executed_lines": [92, 93, 94, 95, 97, 98, 103, 104], "summary": {"covered_lines": 8, "num_statements": 8, "percent_covered": 100.0, "percent_covered_display": "100", "missing_lines": 0, "excluded_lines": 0, "percent_statements_covered": 100.0, "percent_statements_covered_display": "100"}, "missing_lines": [], "excluded_lines": [], "start_line": 80}, "": {"executed_lines": [23, 25, 26, 29, 32, 33, 35, 36, 38, 39, 43, 44, 49, 50, 60, 61, 69, 80], "summary": {"covered_lines": 18, "num_statements": 18, "percent_covered": 100.0, "percent_covered_display": "100", "missing_lines": 0, "excluded_lines": 0, "percent_statements_covered": 100.0, "percent_statements_covered_display": "100"}, "missing_lines": [], "excluded_lines": [], "start_line": 1}}, "classes": {"BatteryStats": {"executed_lines": [41, 45, 46, 47, 58], "summary": {"covered_lines": 5, "num_statements": 9, "percent_covered": 55.55555555555556, "percent_covered_display": "56", "missing_lines": 4, "excluded_lines": 0, "percent_statements_covered": 55.55555555555556, "percent_statements_covered_display": "56"}, "missing_lines": [63, 64, 65, 66], "excluded_lines": [], "start_line": 33}, "": {"executed_lines": [23, 25, 26, 29, 32, 33, 35, 36, 38, 39, 43, 44, 49, 50, 60, 61, 69, 76, 80, 92, 93, 94, 95, 97, 98, 103, 104], "summary": {"covered_lines": 27, "num_statements": 27, "percent_covered": 100.0, "percent_covered_display": "100", "missing_lines": 0, "excluded_lines": 0, "percent_statements_covered": 100.0, "percent_statements_covered_display": "100"}, "missing_lines": [], "excluded_lines": [], "start_line": 1}}}, "custom_components/givenergy_inverter_manager/core/engine.py": {"executed_lines": [29, 31, 32, 33, 35, 64, 65, 66, 67, 73, 75, 78, 79, 87, 88, 89, 90, 91, 92, 93, 94, 95, 96, 97, 98, 99, 100, 101, 102, 103, 106, 114, 169, 170, 171, 172, 173, 174, 175, 176, 177, 178, 179, 180, 181, 182, 183, 184, 185, 186, 187, 188, 189, 190, 191, 192, 193, 194, 195, 196, 197, 198, 199, 200, 201, 202, 203, 204, 205, 206, 207, 208, 209, 210, 211, 212, 213, 214, 215, 216, 217, 218, 219, 220, 221, 224, 231, 232, 233, 234, 235, 236, 237, 238, 239, 240, 241, 243, 244, 245, 248, 258, 259, 260, 261, 264, 265, 266, 268, 269, 270, 273, 282, 283, 284, 285, 286, 287, 288, 289, 290, 293, 310, 311, 313, 316, 325, 328, 329, 330, 331, 332, 336, 337, 338, 339, 340, 342, 344, 345, 346, 347, 348, 349, 351, 356, 357, 358, 359, 363, 368, 371, 387, 388, 389, 390, 391, 394, 405, 406, 407, 408, 409, 410, 413, 420, 421, 422, 423, 424, 425, 426, 428, 430, 435, 436, 439, 440, 441, 442, 443, 453, 455, 458, 472, 473, 474, 475, 476, 477, 478, 479, 480, 481, 482, 483, 485, 486, 487, 488, 489, 490, 491, 492, 493, 494, 495, 496, 497, 498, 502, 505, 512, 514, 515, 520, 521, 527, 528, 535, 540, 541, 542, 543, 544, 545, 546, 547, 548, 550, 553, 560, 561, 562, 564, 580, 588, 589, 591, 592, 593, 606, 653, 654, 656, 657, 672, 673, 674, 675, 677, 678, 679, 681, 684, 685, 688, 689, 690, 691, 694, 697, 698, 700, 714, 715, 723, 724, 727, 728, 729, 730, 731, 734, 735, 738, 741, 742, 743, 745], "summary": {"covered_lines": 280, "num_statements": 293, "percent_covered": 95.56313993174061, "percent_covered_display": "96", "missing_lines": 13, "excluded_lines": 0, "percent_statements_covered": 95.56313993174061, "percent_statements_covered_display": "96"}, "missing_lines": [317, 318, 323, 360, 361, 444, 445, 446, 447, 448, 449, 451, 513], "excluded_lines": [], "functions": {"CoordinatorData.__init__": {"executed_lines": [170, 171, 172, 173, 174, 175, 176, 177, 178, 179, 180, 181, 182, 183, 184, 185, 186, 187, 188, 189, 190, 191, 192, 193, 194, 195, 196, 197, 198, 199, 200, 201, 202, 203, 204, 205, 206, 207, 208, 209, 210, 211, 212, 213, 214, 215, 216, 217, 218, 219, 220, 221], "summary": {"covered_lines": 52, "num_statements": 52, "percent_covered": 100.0, "percent_covered_display": "100", "missing_lines": 0, "excluded_lines": 0, "percent_statements_covered": 100.0, "percent_statements_covered_display": "100"}, "missing_lines": [], "excluded_lines": [], "start_line": 169}, "_apportion_import_cost": {"executed_lines": [231, 232, 233, 234, 235, 236, 237, 238, 239, 240, 241, 243, 244, 245], "summary": {"covered_lines": 14, "num_statements": 14, "percent_covered": 100.0, "percent_covered_display": "100", "missing_lines": 0, "excluded_lines": 0, "percent_statements_covered": 100.0, "percent_statements_covered_display": "100"}, "missing_lines": [], "excluded_lines": [], "start_line": 224}, "_accumulate_import": {"executed_lines": [258, 259, 260, 261, 264, 265, 266, 268, 269, 270], "summary": {"covered_lines": 10, "num_statements": 10, "percent_covered": 100.0, "percent_covered_display": "100", "missing_lines": 0, "excluded_lines": 0, "percent_statements_covered": 100.0, "percent_statements_covered_display": "100"}, "missing_lines": [], "excluded_lines": [], "start_line": 248}, "_accumulate_immersion_savings": {"executed_lines": [282, 283, 284, 285, 286, 287, 288, 289, 290], "summary": {"covered_lines": 9, "num_statements": 9, "percent_covered": 100.0, "percent_covered_display": "100", "missing_lines": 0, "excluded_lines": 0, "percent_statements_covered": 100.0, "percent_statements_covered_display": "100"}, "missing_lines": [], "excluded_lines": [], "start_line": 273}, "accumulate_energy": {"executed_lines": [310, 311, 313, 316, 325, 328, 329, 330, 331, 332, 336, 337, 338, 339, 340, 342, 344, 345, 346, 347, 348, 349, 351, 356, 357, 358, 359, 363, 368], "summary": {"covered_lines": 29, "num_statements": 34, "percent_covered": 85.29411764705883, "percent_covered_display": "85", "missing_lines": 5, "excluded_lines": 0, "percent_statements_covered": 85.29411764705883, "percent_statements_covered_display": "85"}, "missing_lines": [317, 318, 323, 360, 361], "excluded_lines": [], "start_line": 293}, "estimate_avg_daily_kwh": {"executed_lines": [387, 388, 389, 390, 391], "summary": {"covered_lines": 5, "num_statements": 5, "percent_covered": 100.0, "percent_covered_display": "100", "missing_lines": 0, "excluded_lines": 0, "percent_statements_covered": 100.0, "percent_statements_covered_display": "100"}, "missing_lines": [], "excluded_lines": [], "start_line": 371}, "update_battery_stats": {"executed_lines": [405, 406, 407, 408, 409, 410], "summary": {"covered_lines": 6, "num_statements": 6, "percent_covered": 100.0, "percent_covered_display": "100", "missing_lines": 0, "excluded_lines": 0, "percent_statements_covered": 100.0, "percent_statements_covered_display": "100"}, "missing_lines": [], "excluded_lines": [], "start_line": 394}, "_process_ev_charger": {"executed_lines": [420, 421, 422, 423, 424, 425, 426, 428, 430, 435, 436, 439, 440, 441, 442, 443, 453, 455], "summary": {"covered_lines": 18, "num_statements": 25, "percent_covered": 72.0, "percent_covered_display": "72", "missing_lines": 7, "excluded_lines": 0, "percent_statements_covered": 72.0, "percent_statements_covered_display": "72"}, "missing_lines": [444, 445, 446, 447, 448, 449, 451], "excluded_lines": [], "start_line": 413}, "_initialize_coordinator_data": {"executed_lines": [472, 473, 474, 475, 476, 477, 478, 479, 480, 481, 482, 483, 485, 486, 487, 488, 489, 490, 491, 492, 493, 494, 495, 496, 497, 498, 502], "summary": {"covered_lines": 27, "num_statements": 27, "percent_covered": 100.0, "percent_covered_display": "100", "missing_lines": 0, "excluded_lines": 0, "percent_statements_covered": 100.0, "percent_statements_covered_display": "100"}, "missing_lines": [], "excluded_lines": [], "start_line": 458}, "_apply_charge_overrides": {"executed_lines": [512, 514, 515, 520, 521, 527, 528], "summary": {"covered_lines": 7, "num_statements": 8, "percent_covered": 87.5, "percent_covered_display": "88", "missing_lines": 1, "excluded_lines": 0, "percent_statements_covered": 87.5, "percent_statements_covered_display": "88"}, "missing_lines": [513], "excluded_lines": [], "start_line": 505}, "_set_inverter_temperature": {"executed_lines": [540, 541, 542, 543, 544, 545, 546, 547, 548, 550], "summary": {"covered_lines": 10, "num_statements": 10, "percent_covered": 100.0, "percent_covered_display": "100", "missing_lines": 0, "excluded_lines": 0, "percent_statements_covered": 100.0, "percent_statements_covered_display": "100"}, "missing_lines": [], "excluded_lines": [], "start_line": 535}, "_set_immersion_decision": {"executed_lines": [560, 561, 562, 564], "summary": {"covered_lines": 4, "num_statements": 4, "percent_covered": 100.0, "percent_covered_display": "100", "missing_lines": 0, "excluded_lines": 0, "percent_statements_covered": 100.0, "percent_statements_covered_display": "100"}, "missing_lines": [], "excluded_lines": [], "start_line": 553}, "_calculate_night_survival": {"executed_lines": [588, 589, 591, 592, 593], "summary": {"covered_lines": 5, "num_statements": 5, "percent_covered": 100.0, "percent_covered_display": "100", "missing_lines": 0, "excluded_lines": 0, "percent_statements_covered": 100.0, "percent_statements_covered_display": "100"}, "missing_lines": [], "excluded_lines": [], "start_line": 580}, "build_coordinator_data": {"executed_lines": [653, 654, 656, 657, 672, 673, 674, 675, 677, 678, 679, 681, 684, 685, 688, 689, 690, 691, 694, 697, 698, 700, 714, 715, 723, 724, 727, 728, 729, 730, 731, 734, 735, 738, 741, 742, 743, 745], "summary": {"covered_lines": 38, "num_statements": 38, "percent_covered": 100.0, "percent_covered_display": "100", "missing_lines": 0, "excluded_lines": 0, "percent_statements_covered": 100.0, "percent_statements_covered_display": "100"}, "missing_lines": [], "excluded_lines": [], "start_line": 606}, "": {"executed_lines": [29, 31, 32, 33, 35, 64, 65, 66, 67, 73, 75, 78, 79, 87, 88, 89, 90, 91, 92, 93, 94, 95, 96, 97, 98, 99, 100, 101, 102, 103, 106, 114, 169, 224, 248, 273, 293, 371, 394, 413, 458, 505, 535, 553, 580, 606], "summary": {"covered_lines": 46, "num_statements": 46, "percent_covered": 100.0, "percent_covered_display": "100", "missing_lines": 0, "excluded_lines": 0, "percent_statements_covered": 100.0, "percent_statements_covered_display": "100"}, "missing_lines": [], "excluded_lines": [], "start_line": 1}}, "classes": {"RawSensorValues": {"executed_lines": [], "summary": {"covered_lines": 0, "num_statements": 0, "percent_covered": 100.0, "percent_covered_display": "100", "missing_lines": 0, "excluded_lines": 0, "percent_statements_covered": 100.0, "percent_statements_covered_display": "100"}, "missing_lines": [], "excluded_lines": [], "start_line": 79}, "CoordinatorData": {"executed_lines": [170, 171, 172, 173, 174, 175, 176, 177, 178, 179, 180, 181, 182, 183, 184, 185, 186, 187, 188, 189, 190, 191, 192, 193, 194, 195, 196, 197, 198, 199, 200, 201, 202, 203, 204, 205, 206, 207, 208, 209, 210, 211, 212, 213, 214, 215, 216, 217, 218, 219, 220, 221], "summary": {"covered_lines": 52, "num_statements": 52, "percent_covered": 100.0, "percent_covered_display": "100", "missing_lines": 0, "excluded_lines": 0, "percent_statements_covered": 100.0, "percent_statements_covered_display": "100"}, "missing_lines": [], "excluded_lines": [], "start_line": 106}, "": {"executed_lines": [29, 31, 32, 33, 35, 64, 65, 66, 67, 73, 75, 78, 79, 87, 88, 89, 90, 91, 92, 93, 94, 95, 96, 97, 98, 99, 100, 101, 102, 103, 106, 114, 169, 224, 231, 232, 233, 234, 235, 236, 237, 238, 239, 240, 241, 243, 244, 245, 248, 258, 259, 260, 261, 264, 265, 266, 268, 269, 270, 273, 282, 283, 284, 285, 286, 287, 288, 289, 290, 293, 310, 311, 313, 316, 325, 328, 329, 330, 331, 332, 336, 337, 338, 339, 340, 342, 344, 345, 346, 347, 348, 349, 351, 356, 357, 358, 359, 363, 368, 371, 387, 388, 389, 390, 391, 394, 405, 406, 407, 408, 409, 410, 413, 420, 421, 422, 423, 424, 425, 426, 428, 430, 435, 436, 439, 440, 441, 442, 443, 453, 455, 458, 472, 473, 474, 475, 476, 477, 478, 479, 480, 481, 482, 483, 485, 486, 487, 488, 489, 490, 491, 492, 493, 494, 495, 496, 497, 498, 502, 505, 512, 514, 515, 520, 521, 527, 528, 535, 540, 541, 542, 543, 544, 545, 546, 547, 548, 550, 553, 560, 561, 562, 564, 580, 588, 589, 591, 592, 593, 606, 653, 654, 656, 657, 672, 673, 674, 675, 677, 678, 679, 681, 684, 685, 688, 689, 690, 691, 694, 697, 698, 700, 714, 715, 723, 724, 727, 728, 729, 730, 731, 734, 735, 738, 741, 742, 743, 745], "summary": {"covered_lines": 228, "num_statements": 241, "percent_covered": 94.60580912863071, "percent_covered_display": "95", "missing_lines": 13, "excluded_lines": 0, "percent_statements_covered": 94.60580912863071, "percent_statements_covered_display": "95"}, "missing_lines": [317, 318, 323, 360, 361, 444, 445, 446, 447, 448, 449, 451, 513], "excluded_lines": [], "start_line": 1}}}, "custom_components/givenergy_inverter_manager/core/optimizer.py": {"executed_lines": [10], "summary": {"covered_lines": 1, "num_statements": 1, "percent_covered": 100.0, "percent_covered_display": "100", "missing_lines": 0, "excluded_lines": 0, "percent_statements_covered": 100.0, "percent_statements_covered_display": "100"}, "missing_lines": [], "excluded_lines": [], "functions": {"": {"executed_lines": [10], "summary": {"covered_lines": 1, "num_statements": 1, "percent_covered": 100.0, "percent_covered_display": "100", "missing_lines": 0, "excluded_lines": 0, "percent_statements_covered": 100.0, "percent_statements_covered_display": "100"}, "missing_lines": [], "excluded_lines": [], "start_line": 1}}, "classes": {"": {"executed_lines": [10], "summary": {"covered_lines": 1, "num_statements": 1, "percent_covered": 100.0, "percent_covered_display": "100", "missing_lines": 0, "excluded_lines": 0, "percent_statements_covered": 100.0, "percent_statements_covered_display": "100"}, "missing_lines": [], "excluded_lines": [], "start_line": 1}}}, "custom_components/givenergy_inverter_manager/core/reporting.py": {"executed_lines": [20, 22, 30, 60, 61, 62, 67, 76, 77, 83, 89, 90, 92, 93, 94, 95, 97, 99, 100, 101, 103, 136, 139, 141, 142, 143, 154, 158, 159, 161, 162, 169, 174, 176, 200, 203, 205, 206, 207, 208, 221, 226, 227, 228, 230, 231, 232, 236, 238, 277, 278, 279, 280, 288, 291, 294, 296, 297, 298], "summary": {"covered_lines": 59, "num_statements": 65, "percent_covered": 90.76923076923077, "percent_covered_display": "91", "missing_lines": 6, "excluded_lines": 2, "percent_statements_covered": 90.76923076923077, "percent_statements_covered_display": "91"}, "missing_lines": [209, 210, 211, 233, 234, 289], "excluded_lines": [24, 25], "functions": {"_row": {"executed_lines": [61, 62, 67], "summary": {"covered_lines": 3, "num_statements": 3, "percent_covered": 100.0, "percent_covered_display": "100", "missing_lines": 0, "excluded_lines": 0, "percent_statements_covered": 100.0, "percent_statements_covered_display": "100"}, "missing_lines": [], "excluded_lines": [], "start_line": 60}, "_section": {"executed_lines": [77], "summary": {"covered_lines": 1, "num_statements": 1, "percent_covered": 100.0, "percent_covered_display": "100", "missing_lines": 0, "excluded_lines": 0, "percent_statements_covered": 100.0, "percent_statements_covered_display": "100"}, "missing_lines": [], "excluded_lines": [], "start_line": 76}, "build_today_summary_html": {"executed_lines": [89, 90, 92, 93, 94, 95, 97, 99, 100, 101, 103, 136], "summary": {"covered_lines": 12, "num_statements": 12, "percent_covered": 100.0, "percent_covered_display": "100", "missing_lines": 0, "excluded_lines": 0, "percent_statements_covered": 100.0, "percent_statements_covered_display": "100"}, "missing_lines": [], "excluded_lines": [], "start_line": 83}, "build_today_summary_state": {"executed_lines": [141, 142, 143], "summary": {"covered_lines": 3, "num_statements": 3, "percent_covered": 100.0, "percent_covered_display": "100", "missing_lines": 0, "excluded_lines": 0, "percent_statements_covered": 100.0, "percent_statements_covered_display": "100"}, "missing_lines": [], "excluded_lines": [], "start_line": 139}, "build_charge_plan_html": {"executed_lines": [158, 159, 161, 162, 169, 174, 176, 200], "summary": {"covered_lines": 8, "num_statements": 8, "percent_covered": 100.0, "percent_covered_display": "100", "missing_lines": 0, "excluded_lines": 0, "percent_statements_covered": 100.0, "percent_statements_covered_display": "100"}, "missing_lines": [], "excluded_lines": [], "start_line": 154}, "build_charge_plan_state": {"executed_lines": [205, 206, 207, 208], "summary": {"covered_lines": 4, "num_statements": 7, "percent_covered": 57.142857142857146, "percent_covered_display": "57", "missing_lines": 3, "excluded_lines": 0, "percent_statements_covered": 57.142857142857146, "percent_statements_covered_display": "57"}, "missing_lines": [209, 210, 211], "excluded_lines": [], "start_line": 203}, "build_week_summary_html": {"executed_lines": [226, 227, 228, 230, 236, 238, 277, 278, 279, 280, 288, 291], "summary": {"covered_lines": 12, "num_statements": 13, "percent_covered": 92.3076923076923, "percent_covered_display": "92", "missing_lines": 1, "excluded_lines": 0, "percent_statements_covered": 92.3076923076923, "percent_statements_covered_display": "92"}, "missing_lines": [289], "excluded_lines": [], "start_line": 221}, "build_week_summary_html._delta": {"executed_lines": [231, 232], "summary": {"covered_lines": 2, "num_statements": 4, "percent_covered": 50.0, "percent_covered_display": "50", "missing_lines": 2, "excluded_lines": 0, "percent_statements_covered": 50.0, "percent_statements_covered_display": "50"}, "missing_lines": [233, 234], "excluded_lines": [], "start_line": 230}, "build_week_summary_state": {"executed_lines": [296, 297, 298], "summary": {"covered_lines": 3, "num_statements": 3, "percent_covered": 100.0, "percent_covered_display": "100", "missing_lines": 0, "excluded_lines": 0, "percent_statements_covered": 100.0, "percent_statements_covered_display": "100"}, "missing_lines": [], "excluded_lines": [], "start_line": 294}, "": {"executed_lines": [20, 22, 30, 60, 76, 83, 139, 154, 203, 221, 294], "summary": {"covered_lines": 11, "num_statements": 11, "percent_covered": 100.0, "percent_covered_display": "100", "missing_lines": 0, "excluded_lines": 2, "percent_statements_covered": 100.0, "percent_statements_covered_display": "100"}, "missing_lines": [], "excluded_lines": [24, 25], "start_line": 1}}, "classes": {"": {"executed_lines": [20, 22, 30, 60, 61, 62, 67, 76, 77, 83, 89, 90, 92, 93, 94, 95, 97, 99, 100, 101, 103, 136, 139, 141, 142, 143, 154, 158, 159, 161, 162, 169, 174, 176, 200, 203, 205, 206, 207, 208, 221, 226, 227, 228, 230, 231, 232, 236, 238, 277, 278, 279, 280, 288, 291, 294, 296, 297, 298], "summary": {"covered_lines": 59, "num_statements": 65, "percent_covered": 90.76923076923077, "percent_covered_display": "91", "missing_lines": 6, "excluded_lines": 2, "percent_statements_covered": 90.76923076923077, "percent_statements_covered_display": "91"}, "missing_lines": [209, 210, 211, 233, 234, 289], "excluded_lines": [24, 25], "start_line": 1}}}, "custom_components/givenergy_inverter_manager/core/rules.py": {"executed_lines": [18, 20, 21, 22, 24, 43, 53, 69, 71, 73, 74, 75, 76, 77, 78, 82, 84, 85, 91, 92, 95, 96, 97, 98, 99, 100, 101, 102, 105, 132, 134, 135, 136, 137, 138, 139, 141, 143, 144, 145, 146, 148, 149, 150, 152, 153, 155, 156, 157, 171, 172, 173, 177, 178, 179, 181, 182, 187, 188, 189, 191, 192, 194, 195, 197, 212, 244, 245, 250, 251, 253, 254, 256, 257, 258, 259, 261, 262, 265, 266, 267, 268, 272, 273, 278, 284, 305, 306, 308, 309, 311, 312, 313, 318, 319, 324, 325, 331, 337, 351, 352, 354, 355, 356, 357, 361, 363, 368, 380, 381, 382, 383, 384, 385, 388, 389, 390, 394], "summary": {"covered_lines": 118, "num_statements": 118, "percent_covered": 100.0, "percent_covered_display": "100", "missing_lines": 0, "excluded_lines": 0, "percent_statements_covered": 100.0, "percent_statements_covered_display": "100"}, "missing_lines": [], "excluded_lines": [], "functions": {"monthly_solar_fractions": {"executed_lines": [69, 71, 73, 74, 75, 76, 77, 78, 82, 84, 85], "summary": {"covered_lines": 11, "num_statements": 11, "percent_covered": 100.0, "percent_covered_display": "100", "missing_lines": 0, "excluded_lines": 0, "percent_statements_covered": 100.0, "percent_statements_covered_display": "100"}, "missing_lines": [], "excluded_lines": [], "start_line": 53}, "calculate_overnight_charge_target": {"executed_lines": [132, 134, 135, 136, 137, 138, 139, 141, 143, 144, 145, 146, 148, 149, 150, 152, 153, 155, 156, 157, 171, 172, 173, 177, 178, 179, 181, 182, 187, 188, 189, 191, 192, 194, 195, 197], "summary": {"covered_lines": 36, "num_statements": 36, "percent_covered": 100.0, "percent_covered_display": "100", "missing_lines": 0, "excluded_lines": 0, "percent_statements_covered": 100.0, "percent_statements_covered_display": "100"}, "missing_lines": [], "excluded_lines": [], "start_line": 105}, "should_divert_to_immersion": {"executed_lines": [244, 245, 250, 251, 253, 254, 256, 257, 258, 259, 261, 262, 265, 266, 267, 268, 272, 273, 278], "summary": {"covered_lines": 19, "num_statements": 19, "percent_covered": 100.0, "percent_covered_display": "100", "missing_lines": 0, "excluded_lines": 0, "percent_statements_covered": 100.0, "percent_statements_covered_display": "100"}, "missing_lines": [], "excluded_lines": [], "start_line": 212}, "suggest_appliance_run": {"executed_lines": [305, 306, 308, 309, 311, 312, 313, 318, 319, 324, 325, 331], "summary": {"covered_lines": 12, "num_statements": 12, "percent_covered": 100.0, "percent_covered_display": "100", "missing_lines": 0, "excluded_lines": 0, "percent_statements_covered": 100.0, "percent_statements_covered_display": "100"}, "missing_lines": [], "excluded_lines": [], "start_line": 284}, "decide_ev_charger_action": {"executed_lines": [351, 352, 354, 355, 356, 357, 361, 363], "summary": {"covered_lines": 8, "num_statements": 8, "percent_covered": 100.0, "percent_covered_display": "100", "missing_lines": 0, "excluded_lines": 0, "percent_statements_covered": 100.0, "percent_statements_covered_display": "100"}, "missing_lines": [], "excluded_lines": [], "start_line": 337}, "should_protect_battery_from_charger": {"executed_lines": [380, 381, 382, 383, 384, 385, 388, 389, 390, 394], "summary": {"covered_lines": 10, "num_statements": 10, "percent_covered": 100.0, "percent_covered_display": "100", "missing_lines": 0, "excluded_lines": 0, "percent_statements_covered": 100.0, "percent_statements_covered_display": "100"}, "missing_lines": [], "excluded_lines": [], "start_line": 368}, "": {"executed_lines": [18, 20, 21, 22, 24, 43, 53, 91, 92, 95, 96, 97, 98, 99, 100, 101, 102, 105, 212, 284, 337, 368], "summary": {"covered_lines": 22, "num_statements": 22, "percent_covered": 100.0, "percent_covered_display": "100", "missing_lines": 0, "excluded_lines": 0, "percent_statements_covered": 100.0, "percent_statements_covered_display": "100"}, "missing_lines": [], "excluded_lines": [], "start_line": 1}}, "classes": {"ChargeDecision": {"executed_lines": [], "summary": {"covered_lines": 0, "num_statements": 0, "percent_covered": 100.0, "percent_covered_display": "100", "missing_lines": 0, "excluded_lines": 0, "percent_statements_covered": 100.0, "percent_statements_covered_display": "100"}, "missing_lines": [], "excluded_lines": [], "start_line": 92}, "": {"executed_lines": [18, 20, 21, 22, 24, 43, 53, 69, 71, 73, 74, 75, 76, 77, 78, 82, 84, 85, 91, 92, 95, 96, 97, 98, 99, 100, 101, 102, 105, 132, 134, 135, 136, 137, 138, 139, 141, 143, 144, 145, 146, 148, 149, 150, 152, 153, 155, 156, 157, 171, 172, 173, 177, 178, 179, 181, 182, 187, 188, 189, 191, 192, 194, 195, 197, 212, 244, 245, 250, 251, 253, 254, 256, 257, 258, 259, 261, 262, 265, 266, 267, 268, 272, 273, 278, 284, 305, 306, 308, 309, 311, 312, 313, 318, 319, 324, 325, 331, 337, 351, 352, 354, 355, 356, 357, 361, 363, 368, 380, 381, 382, 383, 384, 385, 388, 389, 390, 394], "summary": {"covered_lines": 118, "num_statements": 118, "percent_covered": 100.0, "percent_covered_display": "100", "missing_lines": 0, "excluded_lines": 0, "percent_statements_covered": 100.0, "percent_statements_covered_display": "100"}, "missing_lines": [], "excluded_lines": [], "start_line": 1}}}, "custom_components/givenergy_inverter_manager/core/tariff.py": {"executed_lines": [18, 20, 21, 22, 23, 24, 25, 27, 48, 51, 52, 64, 65, 66, 67, 69, 71, 72, 74, 76, 79, 80, 90, 91, 92, 93, 94, 95, 96, 97, 98, 100, 101, 103, 105, 115, 116, 117, 118, 120, 122, 123, 125, 135, 136, 140, 142, 147, 149, 150, 151, 153, 155, 157, 159, 160, 161, 163, 170, 171, 173, 174, 175, 176, 178, 180, 181, 182, 183, 186, 187, 200, 201, 202, 203, 204, 205, 206, 207, 212, 213, 214, 215, 218, 219, 220, 221, 222, 228, 229, 235, 240, 244, 246, 247, 248, 250, 251, 255, 256, 260, 261, 263, 264, 266, 267, 269, 270, 272, 273, 275, 276, 277, 278, 279, 281, 282, 284, 285, 286, 292, 294, 295, 296, 297, 298, 299, 307, 308, 310], "summary": {"covered_lines": 130, "num_statements": 134, "percent_covered": 97.01492537313433, "percent_covered_display": "97", "missing_lines": 4, "excluded_lines": 0, "percent_statements_covered": 97.01492537313433, "percent_statements_covered_display": "97"}, "missing_lines": [144, 145, 253, 258], "excluded_lines": [], "functions": {"RatePeriod.is_active": {"executed_lines": [71, 72, 74, 76], "summary": {"covered_lines": 4, "num_statements": 4, "percent_covered": 100.0, "percent_covered_display": "100", "missing_lines": 0, "excluded_lines": 0, "percent_statements_covered": 100.0, "percent_statements_covered_display": "100"}, "missing_lines": [], "excluded_lines": [], "start_line": 69}, "TariffConfig._base_rate_period": {"executed_lines": [103], "summary": {"covered_lines": 1, "num_statements": 1, "percent_covered": 100.0, "percent_covered_display": "100", "missing_lines": 0, "excluded_lines": 0, "percent_statements_covered": 100.0, "percent_statements_covered_display": "100"}, "missing_lines": [], "excluded_lines": [], "start_line": 101}, "TariffConfig.get_current_rate": {"executed_lines": [115, 116, 117, 118], "summary": {"covered_lines": 4, "num_statements": 4, "percent_covered": 100.0, "percent_covered_display": "100", "missing_lines": 0, "excluded_lines": 0, "percent_statements_covered": 100.0, "percent_statements_covered_display": "100"}, "missing_lines": [], "excluded_lines": [], "start_line": 105}, "TariffConfig.get_cheapest_rate": {"executed_lines": [122, 123], "summary": {"covered_lines": 2, "num_statements": 2, "percent_covered": 100.0, "percent_covered_display": "100", "missing_lines": 0, "excluded_lines": 0, "percent_statements_covered": 100.0, "percent_statements_covered_display": "100"}, "missing_lines": [], "excluded_lines": [], "start_line": 120}, "TariffConfig.get_cheapest_rate_start": {"executed_lines": [135, 136, 140], "summary": {"covered_lines": 3, "num_statements": 3, "percent_covered": 100.0, "percent_covered_display": "100", "missing_lines": 0, "excluded_lines": 0, "percent_statements_covered": 100.0, "percent_statements_covered_display": "100"}, "missing_lines": [], "excluded_lines": [], "start_line": 125}, "TariffConfig.get_most_expensive_rate": {"executed_lines": [], "summary": {"covered_lines": 0, "num_statements": 2, "percent_covered": 0.0, "percent_covered_display": "0", "missing_lines": 2, "excluded_lines": 0, "percent_statements_covered": 0.0, "percent_statements_covered_display": "0"}, "missing_lines": [144, 145], "excluded_lines": [], "start_line": 142}, "TariffConfig.calculate_import_cost": {"executed_lines": [149, 150, 151], "summary": {"covered_lines": 3, "num_statements": 3, "percent_covered": 100.0, "percent_covered_display": "100", "missing_lines": 0, "excluded_lines": 0, "percent_statements_covered": 100.0, "percent_statements_covered_display": "100"}, "missing_lines": [], "excluded_lines": [], "start_line": 147}, "TariffConfig.calculate_export_earnings": {"executed_lines": [155], "summary": {"covered_lines": 1, "num_statements": 1, "percent_covered": 100.0, "percent_covered_display": "100", "missing_lines": 0, "excluded_lines": 0, "percent_statements_covered": 100.0, "percent_statements_covered_display": "100"}, "missing_lines": [], "excluded_lines": [], "start_line": 153}, "TariffConfig.calculate_standing_charges": {"executed_lines": [159, 160, 161], "summary": {"covered_lines": 3, "num_statements": 3, "percent_covered": 100.0, "percent_covered_display": "100", "missing_lines": 0, "excluded_lines": 0, "percent_statements_covered": 100.0, "percent_statements_covered_display": "100"}, "missing_lines": [], "excluded_lines": [], "start_line": 157}, "TariffConfig.days_in_current_bill_period": {"executed_lines": [170, 171, 173, 174, 175, 176], "summary": {"covered_lines": 6, "num_statements": 6, "percent_covered": 100.0, "percent_covered_display": "100", "missing_lines": 0, "excluded_lines": 0, "percent_statements_covered": 100.0, "percent_statements_covered_display": "100"}, "missing_lines": [], "excluded_lines": [], "start_line": 163}, "TariffConfig.days_remaining_in_bill_period": {"executed_lines": [180, 181, 182, 183], "summary": {"covered_lines": 4, "num_statements": 4, "percent_covered": 100.0, "percent_covered_display": "100", "missing_lines": 0, "excluded_lines": 0, "percent_statements_covered": 100.0, "percent_statements_covered_display": "100"}, "missing_lines": [], "excluded_lines": [], "start_line": 178}, "EnergyAccumulator.total_import_cost": {"executed_lines": [248], "summary": {"covered_lines": 1, "num_statements": 1, "percent_covered": 100.0, "percent_covered_display": "100", "missing_lines": 0, "excluded_lines": 0, "percent_statements_covered": 100.0, "percent_statements_covered_display": "100"}, "missing_lines": [], "excluded_lines": [], "start_line": 247}, "EnergyAccumulator.total_cost": {"executed_lines": [], "summary": {"covered_lines": 0, "num_statements": 1, "percent_covered": 0.0, "percent_covered_display": "0", "missing_lines": 1, "excluded_lines": 0, "percent_statements_covered": 0.0, "percent_statements_covered_display": "0"}, "missing_lines": [253], "excluded_lines": [], "start_line": 251}, "EnergyAccumulator.net_position": {"executed_lines": [], "summary": {"covered_lines": 0, "num_statements": 1, "percent_covered": 0.0, "percent_covered_display": "0", "missing_lines": 1, "excluded_lines": 0, "percent_statements_covered": 0.0, "percent_statements_covered_display": "0"}, "missing_lines": [258], "excluded_lines": [], "start_line": 256}, "EnergyAccumulator.peak_import_fraction": {"executed_lines": [263, 264], "summary": {"covered_lines": 2, "num_statements": 2, "percent_covered": 100.0, "percent_covered_display": "100", "missing_lines":
[...]
vered": 100.0, "percent_covered_display": "100", "missing_lines": 0, "excluded_lines": 0, "percent_statements_covered": 100.0, "percent_statements_covered_display": "100"}, "missing_lines": [], "excluded_lines": [], "functions": {"async_create_givtcp_missing_issue": {"executed_lines": [32], "summary": {"covered_lines": 1, "num_statements": 1, "percent_covered": 100.0, "percent_covered_display": "100", "missing_lines": 0, "excluded_lines": 0, "percent_statements_covered": 100.0, "percent_statements_covered_display": "100"}, "missing_lines": [], "excluded_lines": [], "start_line": 30}, "async_delete_givtcp_missing_issue": {"executed_lines": [44], "summary": {"covered_lines": 1, "num_statements": 1, "percent_covered": 100.0, "percent_covered_display": "100", "missing_lines": 0, "excluded_lines": 0, "percent_statements_covered": 100.0, "percent_statements_covered_display": "100"}, "missing_lines": [], "excluded_lines": [], "start_line": 42}, "": {"executed_lines": [16, 18, 19, 25, 27, 30, 42], "summary": {"covered_lines": 7, "num_statements": 7, "percent_covered": 100.0, "percent_covered_display": "100", "missing_lines": 0, "excluded_lines": 0, "percent_statements_covered": 100.0, "percent_statements_covered_display": "100"}, "missing_lines": [], "excluded_lines": [], "start_line": 1}}, "classes": {"": {"executed_lines": [16, 18, 19, 25, 27, 30, 32, 42, 44], "summary": {"covered_lines": 9, "num_statements": 9, "percent_covered": 100.0, "percent_covered_display": "100", "missing_lines": 0, "excluded_lines": 0, "percent_statements_covered": 100.0, "percent_statements_covered_display": "100"}, "missing_lines": [], "excluded_lines": [], "start_line": 1}}}, "custom_components/givenergy_inverter_manager/sensor.py": {"executed_lines": [], "summary": {"covered_lines": 0, "num_statements": 86, "percent_covered": 0.0, "percent_covered_display": "0", "missing_lines": 86, "excluded_lines": 0, "percent_statements_covered": 0.0, "percent_statements_covered_display": "0"}, "missing_lines": [26, 28, 29, 30, 31, 33, 39, 40, 47, 48, 49, 51, 52, 53, 54, 64, 67, 68, 71, 72, 73, 74, 75, 76, 81, 976, 980, 983, 989, 990, 995, 998, 999, 1001, 1006, 1007, 1008, 1009, 1010, 1011, 1012, 1013, 1021, 1022, 1030, 1031, 1032, 1033, 1034, 1035, 1037, 1038, 1040, 1041, 1042, 1043, 1044, 1046, 1047, 1050, 1051, 1052, 1053, 1054, 1055, 1057, 1058, 1060, 1061, 1062, 1063, 1064, 1066, 1067, 1069, 1070, 1071, 1072, 1073, 1074, 1075, 1077, 1078, 1080, 1081, 1082], "excluded_lines": [], "functions": {"async_setup_entry": {"executed_lines": [], "summary": {"covered_lines": 0, "num_statements": 2, "percent_covered": 0.0, "percent_covered_display": "0", "missing_lines": 2, "excluded_lines": 0, "percent_statements_covered": 0.0, "percent_statements_covered_display": "0"}, "missing_lines": [989, 990], "excluded_lines": [], "start_line": 983}, "GivEnergyManagerSensor.__init__": {"executed_lines": [], "summary": {"covered_lines": 0, "num_statements": 8, "percent_covered": 0.0, "percent_covered_display": "0", "missing_lines": 8, "excluded_lines": 0, "percent_statements_covered": 0.0, "percent_statements_covered_display": "0"}, "missing_lines": [1006, 1007, 1008, 1009, 1010, 1011, 1012, 1013], "excluded_lines": [], "start_line": 1001}, "GivEnergyManagerSensor.native_unit_of_measurement": {"executed_lines": [], "summary": {"covered_lines": 0, "num_statements": 6, "percent_covered": 0.0, "percent_covered_display": "0", "missing_lines": 6, "excluded_lines": 0, "percent_statements_covered": 0.0, "percent_statements_covered_display": "0"}, "missing_lines": [1030, 1031, 1032, 1033, 1034, 1035], "excluded_lines": [], "start_line": 1022}, "GivEnergyManagerSensor.last_reset": {"executed_lines": [], "summary": {"covered_lines": 0, "num_statements": 13, "percent_covered": 0.0, "percent_covered_display": "0", "missing_lines": 13, "excluded_lines": 0, "percent_statements_covered": 0.0, "percent_statements_covered_display": "0"}, "missing_lines": [1040, 1041, 1042, 1043, 1044, 1046, 1047, 1050, 1051, 1052, 1053, 1054, 1055], "excluded_lines": [], "start_line": 1038}, "GivEnergyManagerSensor.extra_state_attributes": {"executed_lines": [], "summary": {"covered_lines": 0, "num_statements": 5, "percent_covered": 0.0, "percent_covered_display": "0", "missing_lines": 5, "excluded_lines": 0, "percent_statements_covered": 0.0, "percent_statements_covered_display": "0"}, "missing_lines": [1060, 1061, 1062, 1063, 1064], "excluded_lines": [], "start_line": 1058}, "GivEnergyManagerSensor.native_value": {"executed_lines": [], "summary": {"covered_lines": 0, "num_statements": 7, "percent_covered": 0.0, "percent_covered_display": "0", "missing_lines": 7, "excluded_lines": 0, "percent_statements_covered": 0.0, "percent_statements_covered_display": "0"}, "missing_lines": [1069, 1070, 1071, 1072, 1073, 1074, 1075], "excluded_lines": [], "start_line": 1067}, "GivEnergyManagerSensor.available": {"executed_lines": [], "summary": {"covered_lines": 0, "num_statements": 3, "percent_covered": 0.0, "percent_covered_display": "0", "missing_lines": 3, "excluded_lines": 0, "percent_statements_covered": 0.0, "percent_statements_covered_display": "0"}, "missing_lines": [1080, 1081, 1082], "excluded_lines": [], "start_line": 1078}, "": {"executed_lines": [], "summary": {"covered_lines": 0, "num_statements": 42, "percent_covered": 0.0, "percent_covered_display": "0", "missing_lines": 42, "excluded_lines": 0, "percent_statements_covered": 0.0, "percent_statements_covered_display": "0"}, "missing_lines": [26, 28, 29, 30, 31, 33, 39, 40, 47, 48, 49, 51, 52, 53, 54, 64, 67, 68, 71, 72, 73, 74, 75, 76, 81, 976, 980, 983, 995, 998, 999, 1001, 1021, 1022, 1037, 1038, 1057, 1058, 1066, 1067, 1077, 1078], "excluded_lines": [], "start_line": 1}}, "classes": {"GivEnergyManagerSensorDescription": {"executed_lines": [], "summary": {"covered_lines": 0, "num_statements": 0, "percent_covered": 100.0, "percent_covered_display": "100", "missing_lines": 0, "excluded_lines": 0, "percent_statements_covered": 100.0, "percent_statements_covered_display": "100"}, "missing_lines": [], "excluded_lines": [], "start_line": 68}, "GivEnergyManagerSensor": {"executed_lines": [], "summary": {"covered_lines": 0, "num_statements": 42, "percent_covered": 0.0, "percent_covered_display": "0", "missing_lines": 42, "excluded_lines": 0, "percent_statements_covered": 0.0, "percent_statements_covered_display": "0"}, "missing_lines": [1006, 1007, 1008, 1009, 1010, 1011, 1012, 1013, 1030, 1031, 1032, 1033, 1034, 1035, 1040, 1041, 1042, 1043, 1044, 1046, 1047, 1050, 1051, 1052, 1053, 1054, 1055, 1060, 1061, 1062, 1063, 1064, 1069, 1070, 1071, 1072, 1073, 1074, 1075, 1080, 1081, 1082], "excluded_lines": [], "start_line": 995}, "": {"executed_lines": [], "summary": {"covered_lines": 0, "num_statements": 44, "percent_covered": 0.0, "percent_covered_display": "0", "missing_lines": 44, "excluded_lines": 0, "percent_statements_covered": 0.0, "percent_statements_covered_display": "0"}, "missing_lines": [26, 28, 29, 30, 31, 33, 39, 40, 47, 48, 49, 51, 52, 53, 54, 64, 67, 68, 71, 72, 73, 74, 75, 76, 81, 976, 980, 983, 989, 990, 995, 998, 999, 1001, 1021, 1022, 1037, 1038, 1057, 1058, 1066, 1067, 1077, 1078], "excluded_lines": [], "start_line": 1}}}, "custom_components/givenergy_inverter_manager/switch.py": {"executed_lines": [], "summary": {"covered_lines": 0, "num_statements": 175, "percent_covered": 0.0, "percent_covered_display": "0", "missing_lines": 175, "excluded_lines": 0, "percent_statements_covered": 0.0, "percent_statements_covered_display": "0"}, "missing_lines": [23, 25, 26, 28, 29, 30, 31, 32, 33, 34, 35, 37, 43, 44, 46, 50, 53, 59, 61, 68, 69, 71, 74, 79, 80, 82, 83, 84, 85, 86, 94, 95, 96, 97, 98, 99, 100, 102, 103, 104, 106, 107, 108, 109, 111, 112, 113, 114, 117, 120, 121, 123, 124, 125, 126, 134, 135, 136, 137, 138, 140, 141, 143, 145, 146, 147, 148, 149, 150, 151, 154, 156, 158, 159, 160, 161, 164, 165, 166, 167, 170, 172, 173, 175, 176, 177, 178, 179, 180, 181, 183, 185, 186, 188, 189, 190, 195, 196, 197, 200, 201, 202, 203, 207, 211, 212, 213, 216, 217, 218, 220, 224, 225, 230, 231, 236, 237, 239, 240, 241, 245, 246, 248, 253, 258, 261, 263, 266, 273, 274, 276, 277, 278, 279, 287, 288, 289, 291, 292, 293, 294, 296, 297, 298, 299, 302, 317, 318, 319, 321, 322, 323, 324, 331, 333, 334, 335, 336, 337, 338, 339, 341, 342, 343, 345, 347, 348, 349, 350, 352, 354, 355, 356, 357, 358], "excluded_lines": [], "functions": {"async_setup_entry": {"executed_lines": [], "summary": {"covered_lines": 0, "num_statements": 5, "percent_covered": 0.0, "percent_covered_display": "0", "missing_lines": 5, "excluded_lines": 0, "percent_statements_covered": 0.0, "percent_statements_covered_display": "0"}, "missing_lines": [59, 61, 68, 69, 71], "excluded_lines": [], "start_line": 53}, "GivEnergyAutoImmersionSwitch.__init__": {"executed_lines": [], "summary": {"covered_lines": 0, "num_statements": 4, "percent_covered": 0.0, "percent_covered_display": "0", "missing_lines": 4, "excluded_lines": 0, "percent_statements_covered": 0.0, "percent_statements_covered_display": "0"}, "missing_lines": [83, 84, 85, 86], "excluded_lines": [], "start_line": 82}, "GivEnergyAutoImmersionSwitch.async_added_to_hass": {"executed_lines": [], "summary": {"covered_lines": 0, "num_statements": 6, "percent_covered": 0.0, "percent_covered_display": "0", "missing_lines": 6, "excluded_lines": 0, "percent_statements_covered": 0.0, "percent_statements_covered_display": "0"}, "missing_lines": [95, 96, 97, 98, 99, 100], "excluded_lines": [], "start_line": 94}, "GivEnergyAutoImmersionSwitch.is_on": {"executed_lines": [], "summary": {"covered_lines": 0, "num_statements": 1, "percent_covered": 0.0, "percent_covered_display": "0", "missing_lines": 1, "excluded_lines": 0, "percent_statements_covered": 0.0, "percent_statements_covered_display": "0"}, "missing_lines": [104], "excluded_lines": [], "start_line": 103}, "GivEnergyAutoImmersionSwitch.async_turn_on": {"executed_lines": [], "summary": {"covered_lines": 0, "num_statements": 3, "percent_covered": 0.0, "percent_covered_display": "0", "missing_lines": 3, "excluded_lines": 0, "percent_statements_covered": 0.0, "percent_statements_covered_display": "0"}, "missing_lines": [107, 108, 109], "excluded_lines": [], "start_line": 106}, "GivEnergyAutoImmersionSwitch.async_turn_off": {"executed_lines": [], "summary": {"covered_lines": 0, "num_statements": 3, "percent_covered": 0.0, "percent_covered_display": "0", "missing_lines": 3, "excluded_lines": 0, "percent_statements_covered": 0.0, "percent_statements_covered_display": "0"}, "missing_lines": [112, 113, 114], "excluded_lines": [], "start_line": 111}, "GivEnergyImmersionControlSwitch.__init__": {"executed_lines": [], "summary": {"covered_lines": 0, "num_statements": 3, "percent_covered": 0.0, "percent_covered_display": "0", "missing_lines": 3, "excluded_lines": 0, "percent_statements_covered": 0.0, "percent_statements_covered_display": "0"}, "missing_lines": [124, 125, 126], "excluded_lines": [], "start_line": 123}, "GivEnergyImmersionControlSwitch.is_on": {"executed_lines": [], "summary": {"covered_lines": 0, "num_statements": 3, "percent_covered": 0.0, "percent_covered_display": "0", "missing_lines": 3, "excluded_lines": 0, "percent_statements_covered": 0.0, "percent_statements_covered_display": "0"}, "missing_lines": [136, 137, 138], "excluded_lines": [], "start_line": 135}, "GivEnergyImmersionControlSwitch._is_dry_run": {"executed_lines": [], "summary": {"covered_lines": 0, "num_statements": 1, "percent_covered": 0.0, "percent_covered_display": "0", "missing_lines": 1, "excluded_lines": 0, "percent_statements_covered": 0.0, "percent_statements_covered_display": "0"}, "missing_lines": [141], "excluded_lines": [], "start_line": 140}, "GivEnergyImmersionControlSwitch.async_turn_on": {"executed_lines": [], "summary": {"covered_lines": 0, "num_statements": 8, "percent_covered": 0.0, "percent_covered_display": "0", "missing_lines": 8, "excluded_lines": 0, "percent_statements_covered": 0.0, "percent_statements_covered_display": "0"}, "missing_lines": [145, 146, 147, 148, 149, 150, 151, 154], "excluded_lines": [], "start_line": 143}, "GivEnergyImmersionControlSwitch.async_turn_off": {"executed_lines": [], "summary": {"covered_lines": 0, "num_statements": 9, "percent_covered": 0.0, "percent_covered_display": "0", "missing_lines": 9, "excluded_lines": 0, "percent_statements_covered": 0.0, "percent_statements_covered_display": "0"}, "missing_lines": [158, 159, 160, 161, 164, 165, 166, 167, 170], "excluded_lines": [], "start_line": 156}, "GivEnergyImmersionControlSwitch._handle_coordinator_update": {"executed_lines": [], "summary": {"covered_lines": 0, "num_statements": 44, "percent_covered": 0.0, "percent_covered_display": "0", "missing_lines": 44, "excluded_lines": 0, "percent_statements_covered": 0.0, "percent_statements_covered_display": "0"}, "missing_lines": [175, 176, 177, 178, 179, 180, 181, 183, 185, 186, 188, 189, 190, 195, 196, 197, 200, 201, 202, 203, 207, 211, 212, 213, 216, 217, 218, 220, 224, 225, 230, 231, 236, 237, 239, 240, 241, 245, 246, 248, 253, 258, 261, 263], "excluded_lines": [], "start_line": 173}, "GivEnergySkipChargeOverrideSwitch.__init__": {"executed_lines": [], "summary": {"covered_lines": 0, "num_statements": 3, "percent_covered": 0.0, "percent_covered_display": "0", "missing_lines": 3, "excluded_lines": 0, "percent_statements_covered": 0.0, "percent_statements_covered_display": "0"}, "missing_lines": [277, 278, 279], "excluded_lines": [], "start_line": 276}, "GivEnergySkipChargeOverrideSwitch.is_on": {"executed_lines": [], "summary": {"covered_lines": 0, "num_statements": 1, "percent_covered": 0.0, "percent_covered_display": "0", "missing_lines": 1, "excluded_lines": 0, "percent_statements_covered": 0.0, "percent_statements_covered_display": "0"}, "missing_lines": [289], "excluded_lines": [], "start_line": 288}, "GivEnergySkipChargeOverrideSwitch.async_turn_on": {"executed_lines": [], "summary": {"covered_lines": 0, "num_statements": 3, "percent_covered": 0.0, "percent_covered_display": "0", "missing_lines": 3, "excluded_lines": 0, "percent_statements_covered": 0.0, "percent_statements_covered_display": "0"}, "missing_lines": [292, 293, 294], "excluded_lines": [], "start_line": 291}, "GivEnergySkipChargeOverrideSwitch.async_turn_off": {"executed_lines": [], "summary": {"covered_lines": 0, "num_statements": 3, "percent_covered": 0.0, "percent_covered_display": "0", "missing_lines": 3, "excluded_lines": 0, "percent_statements_covered": 0.0, "percent_statements_covered_display": "0"}, "missing_lines": [297, 298, 299], "excluded_lines": [], "start_line": 296}, "GivEnergyChargeTargetOverrideSwitch.__init__": {"executed_lines": [], "summary": {"covered_lines": 0, "num_statements": 4, "percent_covered": 0.0, "percent_covered_display": "0", "missing_lines": 4, "excluded_lines": 0, "percent_statements_covered": 0.0, "percent_statements_covered_display": "0"}, "missing_lines": [322, 323, 324, 331], "excluded_lines": [], "start_line": 321}, "GivEnergyChargeTargetOverrideSwitch.async_added_to_hass": {"executed_lines": [], "summary": {"covered_lines": 0, "num_statements": 6, "percent_covered": 0.0, "percent_covered_display": "0", "missing_lines": 6, "excluded_lines": 0, "percent_statements_covered": 0.0, "percent_statements_covered_display": "0"}, "missing_lines": [334, 335, 336, 337, 338, 339], "excluded_lines": [], "start_line": 333}, "GivEnergyChargeTargetOverrideSwitch.is_on": {"executed_lines": [], "summary": {"covered_lines": 0, "num_statements": 1, "percent_covered": 0.0, "percent_covered_display": "0", "missing_lines": 1, "excluded_lines": 0, "percent_statements_covered": 0.0, "percent_statements_covered_display": "0"}, "missing_lines": [343], "excluded_lines": [], "start_line": 342}, "GivEnergyChargeTargetOverrideSwitch.async_turn_on": {"executed_lines": [], "summary": {"covered_lines": 0, "num_statements": 4, "percent_covered": 0.0, "percent_covered_display": "0", "missing_lines": 4, "excluded_lines": 0, "percent_statements_covered": 0.0, "percent_statements_covered_display": "0"}, "missing_lines": [347, 348, 349, 350], "excluded_lines": [], "start_line": 345}, "GivEnergyChargeTargetOverrideSwitch.async_turn_off": {"executed_lines": [], "summary": {"covered_lines": 0, "num_statements": 5, "percent_covered": 0.0, "percent_covered_display": "0", "missing_lines": 5, "excluded_lines": 0, "percent_statements_covered": 0.0, "percent_statements_covered_display": "0"}, "missing_lines": [354, 355, 356, 357, 358], "excluded_lines": [], "start_line": 352}, "": {"executed_lines": [], "summary": {"covered_lines": 0, "num_statements": 55, "percent_covered": 0.0, "percent_covered_display": "0", "missing_lines": 55, "excluded_lines": 0, "percent_statements_covered": 0.0, "percent_statements_covered_display": "0"}, "missing_lines": [23, 25, 26, 28, 29, 30, 31, 32, 33, 34, 35, 37, 43, 44, 46, 50, 53, 74, 79, 80, 82, 94, 102, 103, 106, 111, 117, 120, 121, 123, 134, 135, 140, 143, 156, 172, 173, 266, 273, 274, 276, 287, 288, 291, 296, 302, 317, 318, 319, 321, 333, 341, 342, 345, 352], "excluded_lines": [], "start_line": 1}}, "classes": {"GivEnergyAutoImmersionSwitch": {"executed_lines": [], "summary": {"covered_lines": 0, "num_statements": 17, "percent_covered": 0.0, "percent_covered_display": "0", "missing_lines": 17, "excluded_lines": 0, "percent_statements_covered": 0.0, "percent_statements_covered_display": "0"}, "missing_lines": [83, 84, 85, 86, 95, 96, 97, 98, 99, 100, 104, 107, 108, 109, 112, 113, 114], "excluded_lines": [], "start_line": 74}, "GivEnergyImmersionControlSwitch": {"executed_lines": [], "summary": {"covered_lines": 0, "num_statements": 68, "percent_covered": 0.0, "percent_covered_display": "0", "missing_lines": 68, "excluded_lines": 0, "percent_statements_covered": 0.0, "percent_statements_covered_display": "0"}, "missing_lines": [124, 125, 126, 136, 137, 138, 141, 145, 146, 147, 148, 149, 150, 151, 154, 158, 159, 160, 161, 164, 165, 166, 167, 170, 175, 176, 177, 178, 179, 180, 181, 183, 185, 186, 188, 189, 190, 195, 196, 197, 200, 201, 202, 203, 207, 211, 212, 213, 216, 217, 218, 220, 224, 225, 230, 231, 236, 237, 239, 240, 241, 245, 246, 248, 253, 258, 261, 263], "excluded_lines": [], "start_line": 117}, "GivEnergySkipChargeOverrideSwitch": {"executed_lines": [], "summary": {"covered_lines": 0, "num_statements": 10, "percent_covered": 0.0, "percent_covered_display": "0", "missing_lines": 10, "excluded_lines": 0, "percent_statements_covered": 0.0, "percent_statements_covered_display": "0"}, "missing_lines": [277, 278, 279, 289, 292, 293, 294, 297, 298, 299], "excluded_lines": [], "start_line": 266}, "GivEnergyChargeTargetOverrideSwitch": {"executed_lines": [], "summary": {"covered_lines": 0, "num_statements": 20, "percent_covered": 0.0, "percent_covered_display": "0", "missing_lines": 20, "excluded_lines": 0, "percent_statements_covered": 0.0, "percent_statements_covered_display": "0"}, "missing_lines": [322, 323, 324, 331, 334, 335, 336, 337, 338, 339, 343, 347, 348, 349, 350, 354, 355, 356, 357, 358], "excluded_lines": [], "start_line": 302}, "": {"executed_lines": [], "summary": {"covered_lines": 0, "num_statements": 60, "percent_covered": 0.0, "percent_covered_display": "0", "missing_lines": 60, "excluded_lines": 0, "percent_statements_covered": 0.0, "percent_statements_covered_display": "0"}, "missing_lines": [23, 25, 26, 28, 29, 30, 31, 32, 33, 34, 35, 37, 43, 44, 46, 50, 53, 59, 61, 68, 69, 71, 74, 79, 80, 82, 94, 102, 103, 106, 111, 117, 120, 121, 123, 134, 135, 140, 143, 156, 172, 173, 266, 273, 274, 276, 287, 288, 291, 296, 302, 317, 318, 319, 321, 333, 341, 342, 345, 352], "excluded_lines": [], "start_line": 1}}}}, "totals": {"covered_lines": 1542, "num_statements": 2328, "percent_covered": 66.23711340206185, "percent_covered_display": "66", "missing_lines": 786, "excluded_lines": 4, "percent_statements_covered": 66.23711340206185, "percent_statements_covered_display": "66"}}